
> automation@0.1.0 dev /home/bryann/gauntlet/meridian/automation
> tsx watch src/index.ts

[22:55:42.559] [32mINFO[39m: [36mMeridian automation service starting[39m
    ctx: "index"
    cluster: "devnet"
    rpcUrl: "https://devnet.helius-rpc.com/?api-key=e00e7579-9fd7-44b7-8fd4-ab91611197f3"
    useMockOracle: false
    skipCalendarCheck: false
    morningCron: "0 12 * * 1-5"
    settleCron: "5 20 * * 1-5"
    healthPort: 3001
[22:55:42.563] [32mINFO[39m: [36mmorning job scheduled[39m
    ctx: "index"
    cron: "0 12 * * 1-5"
[22:55:42.563] [32mINFO[39m: [36msettle job scheduled[39m
    ctx: "index"
    cron: "5 20 * * 1-5"
[22:55:42.564] [32mINFO[39m: [36mautomation service ready[39m
    ctx: "index"
[22:55:42.564] [32mINFO[39m: [36mhealth server listening on /health[39m
    ctx: "health"
    port: 3001
10:09:55 AM [tsx] change in ./src/jobs/settle.ts Restarting...
[10:09:55.664] [32mINFO[39m: [36mshutdown requested — exiting[39m
    signal: "SIGTERM"
c[10:09:57.330] [32mINFO[39m: [36mMeridian automation service starting[39m
    ctx: "index"
    cluster: "devnet"
    rpcUrl: "https://devnet.helius-rpc.com/?api-key=e00e7579-9fd7-44b7-8fd4-ab91611197f3"
    useMockOracle: false
    skipCalendarCheck: false
    morningCron: "0 12 * * 1-5"
    settleCron: "5 20 * * 1-5"
    healthPort: 3001
[10:09:57.335] [32mINFO[39m: [36mmorning job scheduled[39m
    ctx: "index"
    cron: "0 12 * * 1-5"
[10:09:57.335] [32mINFO[39m: [36msettle job scheduled[39m
    ctx: "index"
    cron: "5 20 * * 1-5"
[10:09:57.335] [32mINFO[39m: [36mautomation service ready[39m
    ctx: "index"
[10:09:57.336] [32mINFO[39m: [36mhealth server listening on /health[39m
    ctx: "health"
    port: 3001
10:10:06 AM [tsx] change in ./src/jobs/settle.ts Restarting...
[10:10:06.851] [32mINFO[39m: [36mshutdown requested — exiting[39m
    signal: "SIGTERM"
c[10:10:08.232] [32mINFO[39m: [36mMeridian automation service starting[39m
    ctx: "index"
    cluster: "devnet"
    rpcUrl: "https://devnet.helius-rpc.com/?api-key=e00e7579-9fd7-44b7-8fd4-ab91611197f3"
    useMockOracle: false
    skipCalendarCheck: false
    morningCron: "0 12 * * 1-5"
    settleCron: "5 20 * * 1-5"
    healthPort: 3001
[10:10:08.236] [32mINFO[39m: [36mmorning job scheduled[39m
    ctx: "index"
    cron: "0 12 * * 1-5"
[10:10:08.236] [32mINFO[39m: [36msettle job scheduled[39m
    ctx: "index"
    cron: "5 20 * * 1-5"
[10:10:08.236] [32mINFO[39m: [36mautomation service ready[39m
    ctx: "index"
[10:10:08.237] [32mINFO[39m: [36mhealth server listening on /health[39m
    ctx: "health"
    port: 3001
10:10:15 AM [tsx] change in ./src/jobs/settle.ts Restarting...
[10:10:15.028] [32mINFO[39m: [36mshutdown requested — exiting[39m
    signal: "SIGTERM"
c[10:10:16.090] [32mINFO[39m: [36mMeridian automation service starting[39m
    ctx: "index"
    cluster: "devnet"
    rpcUrl: "https://devnet.helius-rpc.com/?api-key=e00e7579-9fd7-44b7-8fd4-ab91611197f3"
    useMockOracle: false
    skipCalendarCheck: false
    morningCron: "0 12 * * 1-5"
    settleCron: "5 20 * * 1-5"
    healthPort: 3001
[10:10:16.093] [32mINFO[39m: [36mmorning job scheduled[39m
    ctx: "index"
    cron: "0 12 * * 1-5"
[10:10:16.094] [32mINFO[39m: [36msettle job scheduled[39m
    ctx: "index"
    cron: "5 20 * * 1-5"
[10:10:16.094] [32mINFO[39m: [36mautomation service ready[39m
    ctx: "index"
[10:10:16.094] [32mINFO[39m: [36mhealth server listening on /health[39m
    ctx: "health"
    port: 3001
10:11:28 AM [tsx] unlink in ./src/env.ts Restarting...
[10:11:28.204] [32mINFO[39m: [36mshutdown requested — exiting[39m
    signal: "SIGTERM"
c[10:11:29.523] [32mINFO[39m: [36mMeridian automation service starting[39m
    ctx: "index"
    cluster: "devnet"
    rpcUrl: "https://devnet.helius-rpc.com/?api-key=e00e7579-9fd7-44b7-8fd4-ab91611197f3"
    useMockOracle: false
    skipCalendarCheck: false
    morningCron: "0 12 * * 1-5"
    settleCron: "5 20 * * 1-5"
    healthPort: 3001
[10:11:29.527] [32mINFO[39m: [36mmorning job scheduled[39m
    ctx: "index"
    cron: "0 12 * * 1-5"
[10:11:29.527] [32mINFO[39m: [36msettle job scheduled[39m
    ctx: "index"
    cron: "5 20 * * 1-5"
[10:11:29.527] [32mINFO[39m: [36mautomation service ready[39m
    ctx: "index"
[10:11:29.528] [32mINFO[39m: [36mhealth server listening on /health[39m
    ctx: "health"
    port: 3001
10:11:42 AM [tsx] change in ./src/env.ts Restarting...
[10:11:42.876] [32mINFO[39m: [36mshutdown requested — exiting[39m
    signal: "SIGTERM"
c[10:11:44.347] [32mINFO[39m: [36mMeridian automation service starting[39m
    ctx: "index"
    cluster: "devnet"
    rpcUrl: "https://devnet.helius-rpc.com/?api-key=e00e7579-9fd7-44b7-8fd4-ab91611197f3"
    useMockOracle: false
    skipCalendarCheck: false
    morningCron: "0 12 * * 1-5"
    settleCron: "5 20 * * 1-5"
    healthPort: 3001
[10:11:44.351] [32mINFO[39m: [36mmorning job scheduled[39m
    ctx: "index"
    cron: "0 12 * * 1-5"
[10:11:44.351] [32mINFO[39m: [36msettle job scheduled[39m
    ctx: "index"
    cron: "5 20 * * 1-5"
[10:11:44.351] [32mINFO[39m: [36mautomation service ready[39m
    ctx: "index"
[10:11:44.352] [32mINFO[39m: [36mhealth server listening on /health[39m
    ctx: "health"
    port: 3001
8:49:35 PM [tsx] unlink in ./src/jobs/update-mock-oracle.ts Restarting...
[20:49:35.105] [32mINFO[39m: [36mshutdown requested — exiting[39m
    signal: "SIGTERM"
cnode:internal/modules/cjs/loader:1207
  const err = new Error(message);
              ^

Error: Cannot find module './update-mock-oracle'
Require stack:
- /home/bryann/gauntlet/meridian/automation/src/jobs/settle.ts
- /home/bryann/gauntlet/meridian/automation/src/index.ts
    at Module._resolveFilename (node:internal/modules/cjs/loader:1207:15)
    at nextResolveSimple (/home/bryann/gauntlet/meridian/node_modules/.pnpm/tsx@4.22.3/node_modules/tsx/dist/register-BOkp8V6j.cjs:10:1017)
    at /home/bryann/gauntlet/meridian/node_modules/.pnpm/tsx@4.22.3/node_modules/tsx/dist/register-BOkp8V6j.cjs:9:4388
    at /home/bryann/gauntlet/meridian/node_modules/.pnpm/tsx@4.22.3/node_modules/tsx/dist/register-BOkp8V6j.cjs:9:3818
    at resolveTsPaths (/home/bryann/gauntlet/meridian/node_modules/.pnpm/tsx@4.22.3/node_modules/tsx/dist/register-BOkp8V6j.cjs:10:770)
    at /home/bryann/gauntlet/meridian/node_modules/.pnpm/tsx@4.22.3/node_modules/tsx/dist/register-BOkp8V6j.cjs:10:1155
    at T._resolveFilename (file:///home/bryann/gauntlet/meridian/node_modules/.pnpm/tsx@4.22.3/node_modules/tsx/dist/register-D_B8UL5H.mjs:2:14812)
    at Module._load (node:internal/modules/cjs/loader:1038:27)
    at Module.require (node:internal/modules/cjs/loader:1289:19)
    at require (node:internal/modules/helpers:182:18) {
  code: 'MODULE_NOT_FOUND',
  requireStack: [
    '/home/bryann/gauntlet/meridian/automation/src/jobs/settle.ts',
    '/home/bryann/gauntlet/meridian/automation/src/index.ts'
  ]
}

Node.js v20.20.2
8:49:38 PM [tsx] change in ./src/index.ts Rerunning...
cnode:internal/modules/cjs/loader:1207
  const err = new Error(message);
              ^

Error: Cannot find module './update-mock-oracle'
Require stack:
- /home/bryann/gauntlet/meridian/automation/src/jobs/settle.ts
- /home/bryann/gauntlet/meridian/automation/src/index.ts
    at Module._resolveFilename (node:internal/modules/cjs/loader:1207:15)
    at nextResolveSimple (/home/bryann/gauntlet/meridian/node_modules/.pnpm/tsx@4.22.3/node_modules/tsx/dist/register-BOkp8V6j.cjs:10:1017)
    at /home/bryann/gauntlet/meridian/node_modules/.pnpm/tsx@4.22.3/node_modules/tsx/dist/register-BOkp8V6j.cjs:9:4388
    at /home/bryann/gauntlet/meridian/node_modules/.pnpm/tsx@4.22.3/node_modules/tsx/dist/register-BOkp8V6j.cjs:9:3818
    at resolveTsPaths (/home/bryann/gauntlet/meridian/node_modules/.pnpm/tsx@4.22.3/node_modules/tsx/dist/register-BOkp8V6j.cjs:10:770)
    at /home/bryann/gauntlet/meridian/node_modules/.pnpm/tsx@4.22.3/node_modules/tsx/dist/register-BOkp8V6j.cjs:10:1155
    at T._resolveFilename (file:///home/bryann/gauntlet/meridian/node_modules/.pnpm/tsx@4.22.3/node_modules/tsx/dist/register-D_B8UL5H.mjs:2:14812)
    at Module._load (node:internal/modules/cjs/loader:1038:27)
    at Module.require (node:internal/modules/cjs/loader:1289:19)
    at require (node:internal/modules/helpers:182:18) {
  code: 'MODULE_NOT_FOUND',
  requireStack: [
    '/home/bryann/gauntlet/meridian/automation/src/jobs/settle.ts',
    '/home/bryann/gauntlet/meridian/automation/src/index.ts'
  ]
}

Node.js v20.20.2
8:49:40 PM [tsx] change in ./src/index.ts Rerunning...
cnode:internal/modules/cjs/loader:1207
  const err = new Error(message);
              ^

Error: Cannot find module './update-mock-oracle'
Require stack:
- /home/bryann/gauntlet/meridian/automation/src/jobs/settle.ts
- /home/bryann/gauntlet/meridian/automation/src/index.ts
    at Module._resolveFilename (node:internal/modules/cjs/loader:1207:15)
    at nextResolveSimple (/home/bryann/gauntlet/meridian/node_modules/.pnpm/tsx@4.22.3/node_modules/tsx/dist/register-BOkp8V6j.cjs:10:1017)
    at /home/bryann/gauntlet/meridian/node_modules/.pnpm/tsx@4.22.3/node_modules/tsx/dist/register-BOkp8V6j.cjs:9:4388
    at /home/bryann/gauntlet/meridian/node_modules/.pnpm/tsx@4.22.3/node_modules/tsx/dist/register-BOkp8V6j.cjs:9:3818
    at resolveTsPaths (/home/bryann/gauntlet/meridian/node_modules/.pnpm/tsx@4.22.3/node_modules/tsx/dist/register-BOkp8V6j.cjs:10:770)
    at /home/bryann/gauntlet/meridian/node_modules/.pnpm/tsx@4.22.3/node_modules/tsx/dist/register-BOkp8V6j.cjs:10:1155
    at T._resolveFilename (file:///home/bryann/gauntlet/meridian/node_modules/.pnpm/tsx@4.22.3/node_modules/tsx/dist/register-D_B8UL5H.mjs:2:14812)
    at Module._load (node:internal/modules/cjs/loader:1038:27)
    at Module.require (node:internal/modules/cjs/loader:1289:19)
    at require (node:internal/modules/helpers:182:18) {
  code: 'MODULE_NOT_FOUND',
  requireStack: [
    '/home/bryann/gauntlet/meridian/automation/src/jobs/settle.ts',
    '/home/bryann/gauntlet/meridian/automation/src/index.ts'
  ]
}

Node.js v20.20.2
8:49:41 PM [tsx] change in ./src/index.ts Rerunning...
cnode:internal/modules/cjs/loader:1207
  const err = new Error(message);
              ^

Error: Cannot find module './update-mock-oracle'
Require stack:
- /home/bryann/gauntlet/meridian/automation/src/jobs/settle.ts
- /home/bryann/gauntlet/meridian/automation/src/index.ts
    at Module._resolveFilename (node:internal/modules/cjs/loader:1207:15)
    at nextResolveSimple (/home/bryann/gauntlet/meridian/node_modules/.pnpm/tsx@4.22.3/node_modules/tsx/dist/register-BOkp8V6j.cjs:10:1017)
    at /home/bryann/gauntlet/meridian/node_modules/.pnpm/tsx@4.22.3/node_modules/tsx/dist/register-BOkp8V6j.cjs:9:4388
    at /home/bryann/gauntlet/meridian/node_modules/.pnpm/tsx@4.22.3/node_modules/tsx/dist/register-BOkp8V6j.cjs:9:3818
    at resolveTsPaths (/home/bryann/gauntlet/meridian/node_modules/.pnpm/tsx@4.22.3/node_modules/tsx/dist/register-BOkp8V6j.cjs:10:770)
    at /home/bryann/gauntlet/meridian/node_modules/.pnpm/tsx@4.22.3/node_modules/tsx/dist/register-BOkp8V6j.cjs:10:1155
    at T._resolveFilename (file:///home/bryann/gauntlet/meridian/node_modules/.pnpm/tsx@4.22.3/node_modules/tsx/dist/register-D_B8UL5H.mjs:2:14812)
    at Module._load (node:internal/modules/cjs/loader:1038:27)
    at Module.require (node:internal/modules/cjs/loader:1289:19)
    at require (node:internal/modules/helpers:182:18) {
  code: 'MODULE_NOT_FOUND',
  requireStack: [
    '/home/bryann/gauntlet/meridian/automation/src/jobs/settle.ts',
    '/home/bryann/gauntlet/meridian/automation/src/index.ts'
  ]
}

Node.js v20.20.2
8:49:44 PM [tsx] change in ./src/index.ts Rerunning...
cnode:internal/modules/cjs/loader:1207
  const err = new Error(message);
              ^

Error: Cannot find module './update-mock-oracle'
Require stack:
- /home/bryann/gauntlet/meridian/automation/src/jobs/settle.ts
- /home/bryann/gauntlet/meridian/automation/src/index.ts
    at Module._resolveFilename (node:internal/modules/cjs/loader:1207:15)
    at nextResolveSimple (/home/bryann/gauntlet/meridian/node_modules/.pnpm/tsx@4.22.3/node_modules/tsx/dist/register-BOkp8V6j.cjs:10:1017)
    at /home/bryann/gauntlet/meridian/node_modules/.pnpm/tsx@4.22.3/node_modules/tsx/dist/register-BOkp8V6j.cjs:9:4388
    at /home/bryann/gauntlet/meridian/node_modules/.pnpm/tsx@4.22.3/node_modules/tsx/dist/register-BOkp8V6j.cjs:9:3818
    at resolveTsPaths (/home/bryann/gauntlet/meridian/node_modules/.pnpm/tsx@4.22.3/node_modules/tsx/dist/register-BOkp8V6j.cjs:10:770)
    at /home/bryann/gauntlet/meridian/node_modules/.pnpm/tsx@4.22.3/node_modules/tsx/dist/register-BOkp8V6j.cjs:10:1155
    at T._resolveFilename (file:///home/bryann/gauntlet/meridian/node_modules/.pnpm/tsx@4.22.3/node_modules/tsx/dist/register-D_B8UL5H.mjs:2:14812)
    at Module._load (node:internal/modules/cjs/loader:1038:27)
    at Module.require (node:internal/modules/cjs/loader:1289:19)
    at require (node:internal/modules/helpers:182:18) {
  code: 'MODULE_NOT_FOUND',
  requireStack: [
    '/home/bryann/gauntlet/meridian/automation/src/jobs/settle.ts',
    '/home/bryann/gauntlet/meridian/automation/src/index.ts'
  ]
}

Node.js v20.20.2
8:50:39 PM [tsx] change in ./src/jobs/morning.ts Rerunning...
c[20:50:39.990] [32mINFO[39m: [36mMeridian automation service starting[39m
    ctx: "index"
    cluster: "devnet"
    rpcUrl: "https://devnet.helius-rpc.com/?api-key=e00e7579-9fd7-44b7-8fd4-ab91611197f3"
    useHermesOracle: false
    skipCalendarCheck: false
    morningCron: "0 12 * * 1-5"
    settleCron: "5 20 * * 1-5"
    healthPort: 3001
[20:50:39.994] [32mINFO[39m: [36mmorning job scheduled[39m
    ctx: "index"
    cron: "0 12 * * 1-5"
[20:50:39.995] [32mINFO[39m: [36msettle job scheduled[39m
    ctx: "index"
    cron: "5 20 * * 1-5"
[20:50:39.995] [32mINFO[39m: [36mautomation service ready[39m
    ctx: "index"
[20:50:39.995] [32mINFO[39m: [36mhealth server listening on /health[39m
    ctx: "health"
    port: 3001
8:50:41 PM [tsx] change in ./src/jobs/morning.ts Restarting...
[20:50:41.972] [32mINFO[39m: [36mshutdown requested — exiting[39m
    signal: "SIGTERM"
c[20:50:42.651] [32mINFO[39m: [36mMeridian automation service starting[39m
    ctx: "index"
    cluster: "devnet"
    rpcUrl: "https://devnet.helius-rpc.com/?api-key=e00e7579-9fd7-44b7-8fd4-ab91611197f3"
    useHermesOracle: false
    skipCalendarCheck: false
    morningCron: "0 12 * * 1-5"
    settleCron: "5 20 * * 1-5"
    healthPort: 3001
[20:50:42.654] [32mINFO[39m: [36mmorning job scheduled[39m
    ctx: "index"
    cron: "0 12 * * 1-5"
[20:50:42.654] [32mINFO[39m: [36msettle job scheduled[39m
    ctx: "index"
    cron: "5 20 * * 1-5"
[20:50:42.654] [32mINFO[39m: [36mautomation service ready[39m
    ctx: "index"
[20:50:42.655] [32mINFO[39m: [36mhealth server listening on /health[39m
    ctx: "health"
    port: 3001
8:50:43 PM [tsx] change in ./src/jobs/update-oracle.ts Restarting...
[20:50:43.314] [32mINFO[39m: [36mshutdown requested — exiting[39m
    signal: "SIGTERM"
c[20:50:44.287] [32mINFO[39m: [36mMeridian automation service starting[39m
    ctx: "index"
    cluster: "devnet"
    rpcUrl: "https://devnet.helius-rpc.com/?api-key=e00e7579-9fd7-44b7-8fd4-ab91611197f3"
    useHermesOracle: false
    skipCalendarCheck: false
    morningCron: "0 12 * * 1-5"
    settleCron: "5 20 * * 1-5"
    healthPort: 3001
[20:50:44.290] [32mINFO[39m: [36mmorning job scheduled[39m
    ctx: "index"
    cron: "0 12 * * 1-5"
[20:50:44.292] [32mINFO[39m: [36msettle job scheduled[39m
    ctx: "index"
    cron: "5 20 * * 1-5"
[20:50:44.292] [32mINFO[39m: [36mautomation service ready[39m
    ctx: "index"
[20:50:44.293] [32mINFO[39m: [36mhealth server listening on /health[39m
    ctx: "health"
    port: 3001
9:13:32 PM [tsx] change in ./src/jobs/update-oracle.ts Restarting...
[21:13:32.552] [32mINFO[39m: [36mshutdown requested — exiting[39m
    signal: "SIGTERM"
c[21:13:33.858] [32mINFO[39m: [36mMeridian automation service starting[39m
    ctx: "index"
    cluster: "devnet"
    rpcUrl: "https://devnet.helius-rpc.com/?api-key=e00e7579-9fd7-44b7-8fd4-ab91611197f3"
    useHermesOracle: false
    skipCalendarCheck: false
    morningCron: "0 12 * * 1-5"
    settleCron: "5 20 * * 1-5"
    healthPort: 3001
[21:13:33.862] [32mINFO[39m: [36mmorning job scheduled[39m
    ctx: "index"
    cron: "0 12 * * 1-5"
[21:13:33.862] [32mINFO[39m: [36msettle job scheduled[39m
    ctx: "index"
    cron: "5 20 * * 1-5"
[21:13:33.862] [32mINFO[39m: [36mautomation service ready[39m
    ctx: "index"
[21:13:33.862] [32mINFO[39m: [36mhealth server listening on /health[39m
    ctx: "health"
    port: 3001
9:13:56 PM [tsx] change in ./src/jobs/update-oracle.ts Restarting...
[21:13:56.723] [32mINFO[39m: [36mshutdown requested — exiting[39m
    signal: "SIGTERM"
c[21:13:57.734] [32mINFO[39m: [36mMeridian automation service starting[39m
    ctx: "index"
    cluster: "devnet"
    rpcUrl: "https://devnet.helius-rpc.com/?api-key=e00e7579-9fd7-44b7-8fd4-ab91611197f3"
    useHermesOracle: false
    skipCalendarCheck: false
    morningCron: "0 12 * * 1-5"
    settleCron: "5 20 * * 1-5"
    healthPort: 3001
[21:13:57.737] [32mINFO[39m: [36mmorning job scheduled[39m
    ctx: "index"
    cron: "0 12 * * 1-5"
[21:13:57.737] [32mINFO[39m: [36msettle job scheduled[39m
    ctx: "index"
    cron: "5 20 * * 1-5"
[21:13:57.737] [32mINFO[39m: [36mautomation service ready[39m
    ctx: "index"
[21:13:57.738] [32mINFO[39m: [36mhealth server listening on /health[39m
    ctx: "health"
    port: 3001
9:33:57 PM [tsx] change in ./src/index.ts Restarting...
[21:33:57.140] [32mINFO[39m: [36mshutdown requested — exiting[39m
    signal: "SIGTERM"
c[21:33:57.834] [32mINFO[39m: [36mMeridian automation service starting[39m
    ctx: "index"
    cluster: "devnet"
    rpcUrl: "https://devnet.helius-rpc.com/?api-key=e00e7579-9fd7-44b7-8fd4-ab91611197f3"
    useHermesOracle: false
    skipCalendarCheck: false
    morningCron: "0 12 * * 1-5"
    settleCron: "5 20 * * 1-5"
    healthPort: 3001
[21:33:57.854] [32mINFO[39m: [36mmorning job scheduled[39m
    ctx: "index"
    cron: "0 12 * * 1-5"
    tz: "America/New_York"
[21:33:57.855] [32mINFO[39m: [36msettle job scheduled[39m
    ctx: "index"
    cron: "5 20 * * 1-5"
    tz: "America/New_York"
[21:33:57.855] [32mINFO[39m: [36mautomation service ready[39m
    ctx: "index"
[21:33:57.855] [32mINFO[39m: [36mhealth server listening on /health[39m
    ctx: "health"
    port: 3001
[11:00:00.500] [32mINFO[39m: [36mnot a trading day — skipping[39m
    ctx: "morning"
/home/bryann/gauntlet/meridian/automation:
 ERR_PNPM_RECURSIVE_RUN_FIRST_FAIL  automation@0.1.0 dev: `tsx watch src/index.ts`
Command failed with signal "SIGTERM"
[11:35:44.778] [32mINFO[39m: [36mshutdown requested — exiting[39m
    signal: "SIGTERM"
