[bootstrap-devnet] starting
[bootstrap-devnet]   RPC: https://devnet.helius-rpc.com/?api-key=e00e7579-9fd7-44b7-8fd4-ab91611197f3
[bootstrap-devnet]   admin keypair: /home/bryann/gauntlet/meridian/keys/admin.json
[bootstrap-devnet]   programId: DQgnoMXTD6Ebo7cgie6hpNjnVCtTnLVfjPcFc4JQZS19
[bootstrap-devnet]   usdcMint:  Gh9ZwEmdLJ8DscKNTkTqPbNwLNNBjuSzaG9Vp2KGtKJr
[bootstrap-devnet]   admin pubkey: 6GQwLJDFmwdjngnKBXV5K6e5i7zM4ufHnwxyUvXeZayM
[bootstrap-devnet]   dev wallet: 7VDBVfpRi1MJWie8nwh9Xe8aWHdYZtMxBqZoKRMCexV9
[bootstrap-devnet]   program deploy verified (36 bytes)
[bootstrap-devnet]   USDC mint OK — decimals=6, supply=6001403418892859635
[bootstrap-devnet]   admin SOL balance: 1.0090
[bootstrap-devnet] step 1 — config already initialized, skipping
[bootstrap-devnet] step 2 — populating MAG7 oracles with real Hermes prices
[bootstrap-devnet] Hermes returned 7/7 real prices
[bootstrap-devnet]   AAPL   $308.88 (hermes)  tx=47EywxFxnvYG…
[bootstrap-devnet]   MSFT   $418.60 (hermes)  tx=3FPQTVaYj6Ld…
[bootstrap-devnet]   GOOGL  $382.96 (hermes)  tx=Qw58FGd4448X…
[bootstrap-devnet]   AMZN   $266.54 (hermes)  tx=tZkfUVVZK5ju…
[bootstrap-devnet]   NVDA   $215.35 (hermes)  tx=4x3kG5h4HG6P…
[bootstrap-devnet]   META   $610.42 (hermes)  tx=7cUcoibnD6m6…
[bootstrap-devnet]   TSLA   $425.91 (hermes)  tx=42Mxh9L8dN1m…
[bootstrap-devnet] step 3 — creating markets
[bootstrap-devnet]   expiry: 1779566400 (2026-05-23T20:00:00.000Z)
[bootstrap-devnet]   AAPL @ $280.00 already exists — skipping
[bootstrap-devnet]   AAPL @ $290.00 already exists — skipping
[bootstrap-devnet]   AAPL @ $300.00 already exists — skipping
[bootstrap-devnet]   AAPL @ $320.00 already exists — skipping
[bootstrap-devnet]   AAPL @ $330.00 already exists — skipping
[bootstrap-devnet]   AAPL @ $340.00 already exists — skipping
[bootstrap-devnet]   MSFT @ $380.00 already exists — skipping
[bootstrap-devnet]   MSFT @ $390.00 already exists — skipping
[bootstrap-devnet]   MSFT @ $410.00 already exists — skipping
[bootstrap-devnet]   MSFT @ $430.00 already exists — skipping
[bootstrap-devnet]   MSFT @ $440.00 already exists — skipping
[bootstrap-devnet]   MSFT @ $460.00 already exists — skipping
[bootstrap-devnet]   GOOGL @ $350.00 already exists — skipping
[bootstrap-devnet]   GOOGL @ $360.00 already exists — skipping
[bootstrap-devnet]   GOOGL @ $370.00 already exists — skipping
[bootstrap-devnet]   GOOGL @ $390.00 already exists — skipping
[bootstrap-devnet]   GOOGL @ $410.00 already exists — skipping
[bootstrap-devnet]   GOOGL @ $420.00 already exists — skipping
[bootstrap-devnet]   AMZN @ $240.00 already exists — skipping
[bootstrap-devnet]   AMZN   @ $ 250.00  market=7qvQosEs…  tx=EFTZRFHAhi3i…
[bootstrap-devnet]   AMZN   @ $ 260.00  market=3Wyne9bY…  tx=5oLcw6MywPx1…
[bootstrap-devnet]   AMZN   @ $ 270.00  market=C3pzMF8J…  tx=2Cbgog3kXLK9…
[bootstrap-devnet]   AMZN   @ $ 280.00  market=BHB4wCKN…  tx=2tLtDKay7e8e…
[bootstrap-devnet]   AMZN   @ $ 290.00  market=FeTFGBbC…  tx=49Lewo5VqrXN…
[bootstrap-devnet]   NVDA   @ $ 200.00  market=FKuHMBVc…  tx=2y1ow4YTpCnT…
[bootstrap-devnet]   NVDA   @ $ 210.00  market=EQfuAjSh…  tx=3ccqHV8gFiRD…
[bootstrap-devnet]   NVDA   @ $ 220.00  market=DJWKpPnJ…  tx=5vgYz5TzDrQe…
[bootstrap-devnet]   NVDA   @ $ 230.00  market=FqasBL9a…  tx=386vWbvnTv4Q…
[bootstrap-devnet]   META   @ $ 560.00  market=2W7tEJ3C…  tx=33TkMtL9Wsy8…
[bootstrap-devnet]   META   @ $ 570.00  market=ChKdwJuz…  tx=4jhpVbmVzio3…
[bootstrap-devnet]   META   @ $ 590.00  market=zABm2ryJ…  tx=59ckQYUMy4KF…
[bootstrap-devnet]   META   @ $ 630.00  market=ChSMTDwJ…  tx=4ee7BKyeWEz9…
[bootstrap-devnet]   META   @ $ 650.00  market=Ag53HUUj…  tx=4UA1BnQAiWMa…
[bootstrap-devnet]   META   @ $ 670.00  market=HjXp1FG9…  tx=4Ptx8Ls5gRjX…
[bootstrap-devnet]   TSLA   @ $ 390.00  market=5jjmT3TN…  tx=4wdTCMFLiaHU…
[bootstrap-devnet]   TSLA   @ $ 400.00  market=DZWrLjAQ…  tx=142zitKs7awM…
[bootstrap-devnet]   TSLA   @ $ 410.00  market=6sEiPCpP…  tx=2y134exHySUD…
[bootstrap-devnet]   TSLA   @ $ 440.00  market=BQGUgAu5…  tx=3WcjqpRd7QV6…
[bootstrap-devnet]   TSLA   @ $ 450.00  market=G84tJnBE…  tx=5hAG7sb4amU1…
[bootstrap-devnet]   TSLA   @ $ 460.00  market=2wBmrksr…  tx=3t3AuCaDMd7v…

============================================================
  Meridian DEVNET bootstrap complete
============================================================
  Program ID : DQgnoMXTD6Ebo7cgie6hpNjnVCtTnLVfjPcFc4JQZS19
  USDC mint  : Gh9ZwEmdLJ8DscKNTkTqPbNwLNNBjuSzaG9Vp2KGtKJr
  Admin      : 6GQwLJDFmwdjngnKBXV5K6e5i7zM4ufHnwxyUvXeZayM
  Dev wallet : 7VDBVfpRi1MJWie8nwh9Xe8aWHdYZtMxBqZoKRMCexV9
              -> get USDC at https://spl-token-faucet.com/?token-name=USDC-Dev
  Markets    : 40
    AAPL   6 strikes (hermes price): $280, $290, $300, $320, $330, $340
    MSFT   6 strikes (hermes price): $380, $390, $410, $430, $440, $460
    GOOGL  6 strikes (hermes price): $350, $360, $370, $390, $410, $420
    AMZN   6 strikes (hermes price): $240, $250, $260, $270, $280, $290
    NVDA   4 strikes (hermes price): $200, $210, $220, $230
    META   6 strikes (hermes price): $560, $570, $590, $630, $650, $670
    TSLA   6 strikes (hermes price): $390, $400, $410, $440, $450, $460
============================================================
