[bootstrap-devnet] starting
[bootstrap-devnet]   RPC: https://devnet.helius-rpc.com/?api-key=e00e7579-9fd7-44b7-8fd4-ab91611197f3
[bootstrap-devnet]   admin keypair: /home/bryann/gauntlet/meridian/keys/admin.json
[bootstrap-devnet]   programId: DQgnoMXTD6Ebo7cgie6hpNjnVCtTnLVfjPcFc4JQZS19
[bootstrap-devnet]   usdcMint:  Gh9ZwEmdLJ8DscKNTkTqPbNwLNNBjuSzaG9Vp2KGtKJr
[bootstrap-devnet]   admin pubkey: 6GQwLJDFmwdjngnKBXV5K6e5i7zM4ufHnwxyUvXeZayM
[bootstrap-devnet]   dev wallet: 7VDBVfpRi1MJWie8nwh9Xe8aWHdYZtMxBqZoKRMCexV9
[bootstrap-devnet]   program deploy verified (36 bytes)
[bootstrap-devnet]   USDC mint OK — decimals=6, supply=6001403418892859635
[bootstrap-devnet]   admin SOL balance: 0.5000
[bootstrap-devnet] step 1 — initializing config
[bootstrap-devnet]   tx: 3PJD298A5EuF3Xn4PmAzsBmruw1U3rZaXnh7bZ1dnF5SLqFrCmQ3nuwX7zacpSC2yrfxTvur2LmvPrdPWRiLWR4f
[bootstrap-devnet] step 2 — populating MAG7 oracles with real Hermes prices
[bootstrap-devnet] Hermes returned 7/7 real prices
[bootstrap-devnet]   AAPL   $308.88 (hermes)  tx=5GtgxuNR2FUb…
[bootstrap-devnet]   MSFT   $418.60 (hermes)  tx=5S7yHe6xJgxJ…
[bootstrap-devnet]   GOOGL  $382.96 (hermes)  tx=5TkANFPqhedS…
[bootstrap-devnet]   AMZN   $266.54 (hermes)  tx=38Uvfh5GctSW…
[bootstrap-devnet]   NVDA   $215.35 (hermes)  tx=5BH1wXSebdsd…
[bootstrap-devnet]   META   $610.42 (hermes)  tx=2yN2uaJVAVky…
[bootstrap-devnet]   TSLA   $425.91 (hermes)  tx=48EGTjHREmBS…
[bootstrap-devnet] step 3 — creating markets
[bootstrap-devnet]   expiry: 1779566400 (2026-05-23T20:00:00.000Z)
[bootstrap-devnet]   AAPL   @ $ 280.00  market=BNew9uAu…  tx=3Q6RKjGFYCAF…
[bootstrap-devnet]   AAPL   @ $ 290.00  market=HSZ4e6Gk…  tx=4Y61PucJMUYW…
[bootstrap-devnet]   AAPL   @ $ 300.00  market=4hjDXS2S…  tx=Dbdm4ZxcpxR6…
[bootstrap-devnet]   AAPL   @ $ 320.00  market=5i2gzM5m…  tx=4ZawEWzF6iXZ…
[bootstrap-devnet]   AAPL   @ $ 330.00  market=8sMH2gW6…  tx=4E9pjGfomEnz…
[bootstrap-devnet]   AAPL   @ $ 340.00  market=Djfsh1pZ…  tx=36iVz4hbDjJy…
[bootstrap-devnet]   MSFT   @ $ 380.00  market=Du5oy2kg…  tx=5VmvgJ2hC71T…
[bootstrap-devnet]   MSFT   @ $ 390.00  market=C6DizBcN…  tx=4FKUH941x4cH…
[bootstrap-devnet]   MSFT   @ $ 410.00  market=FDeffrn8…  tx=5seSdB449B2C…
[bootstrap-devnet]   MSFT   @ $ 430.00  market=2tKh4qLC…  tx=63G8BSMZTSCX…
[bootstrap-devnet]   MSFT   @ $ 440.00  market=6bmR84X4…  tx=4HU6GdiW6AVc…
[bootstrap-devnet]   MSFT   @ $ 460.00  market=71ATJVQd…  tx=ywMUTMfihfxW…
[bootstrap-devnet]   GOOGL  @ $ 350.00  market=GJUXKBRX…  tx=5Loz6DseHZGk…
[bootstrap-devnet]   GOOGL  @ $ 360.00  market=FWr7fY4P…  tx=3z1gBhXFM2KB…
[bootstrap-devnet]   GOOGL  @ $ 370.00  market=13tAmn75…  tx=5MdaNMeBmU52…
[bootstrap-devnet]   GOOGL  @ $ 390.00  market=PA65P1M4…  tx=32YynhP8SBXL…
[bootstrap-devnet]   GOOGL  @ $ 410.00  market=Derk4eCF…  tx=3xvrYJfjJujx…
[bootstrap-devnet]   GOOGL  @ $ 420.00  market=Av9ka6qF…  tx=4NvHas4HtB4E…
[bootstrap-devnet]   AMZN   @ $ 240.00  market=AZ4bb6Su…  tx=4DrYcUakuWU9…
[bootstrap-devnet]   FAILED AMZN @ 25000: Simulation failed. 
Message: Transaction simulation failed: Error processing Instruction 1: custom program error: 0x1. 
Logs: 
[
  "Program data: WLiC5+JUBjplrmROThK+04aUc4KYLyz4Sns7zyy8oVoQO4Rto5OExAQAAABBTVpOqGEAAAAAAABABxJqAAAAADtF7jMrfEN0TEcoUX9B17sqeJfIFGgscfFdt/NOir9zHZ1F+fHzIth4JCzn5Uf3l/D4ReSLdulk95no9PjNIY46DMLrRiATMf1kWFooQ8ou9j8LsUdYRSuv5nvf/Q0F1w==",
  "Program DQgnoMXTD6Ebo7cgie6hpNjnVCtTnLVfjPcFc4JQZS19 consumed 58289 of 400000 compute units",
  "Program DQgnoMXTD6Ebo7cgie6hpNjnVCtTnLVfjPcFc4JQZS19 success",
  "Program DQgnoMXTD6Ebo7cgie6hpNjnVCtTnLVfjPcFc4JQZS19 invoke [1]",
  "Program log: Instruction: InitMarketBooks",
  "Program 11111111111111111111111111111111 invoke [2]",
  "Transfer: insufficient lamports 1558800, need 13697280",
  "Program 11111111111111111111111111111111 failed: custom program error: 0x1",
  "Program DQgnoMXTD6Ebo7cgie6hpNjnVCtTnLVfjPcFc4JQZS19 consumed 12853 of 341711 compute units",
  "Program DQgnoMXTD6Ebo7cgie6hpNjnVCtTnLVfjPcFc4JQZS19 failed: custom program error: 0x1"
]. 
Catch the `SendTransactionError` and call `getLogs()` on it for full details.
[bootstrap-devnet]   FAILED AMZN @ 26000: Simulation failed. 
Message: Transaction simulation failed: Error processing Instruction 1: custom program error: 0x1. 
Logs: 
[
  "Program data: WLiC5+JUBjolZW0tZkee5AHXRS9jFmxd8pBLQD/Tjv+ibr6x3bQ20wQAAABBTVpOkGUAAAAAAABABxJqAAAAAF20TK1gL1Xgux+ueiTCifrydidZfwDOeJfDU4v+9vuc7q91/oZeXjwi5Y/HG+nT4SuC+rqNuoPqjwt+CeqdcLUS3z6uvAxcvQzhpHeymN3oq8eBTGwRqcEbvPwV/0siLQ==",
  "Program DQgnoMXTD6Ebo7cgie6hpNjnVCtTnLVfjPcFc4JQZS19 consumed 62789 of 400000 compute units",
  "Program DQgnoMXTD6Ebo7cgie6hpNjnVCtTnLVfjPcFc4JQZS19 success",
  "Program DQgnoMXTD6Ebo7cgie6hpNjnVCtTnLVfjPcFc4JQZS19 invoke [1]",
  "Program log: Instruction: InitMarketBooks",
  "Program 11111111111111111111111111111111 invoke [2]",
  "Transfer: insufficient lamports 1558800, need 13697280",
  "Program 11111111111111111111111111111111 failed: custom program error: 0x1",
  "Program DQgnoMXTD6Ebo7cgie6hpNjnVCtTnLVfjPcFc4JQZS19 consumed 14353 of 337211 compute units",
  "Program DQgnoMXTD6Ebo7cgie6hpNjnVCtTnLVfjPcFc4JQZS19 failed: custom program error: 0x1"
]. 
Catch the `SendTransactionError` and call `getLogs()` on it for full details.
[bootstrap-devnet]   FAILED AMZN @ 27000: Simulation failed. 
Message: Transaction simulation failed: Error processing Instruction 1: custom program error: 0x1. 
Logs: 
[
  "Program data: WLiC5+JUBjqkKfqYj7U0dVtmh3FXYsfz8r5+zwKB0nkGzyiGFr7bBgQAAABBTVpOeGkAAAAAAABABxJqAAAAADtjEMs1EGJCVAnt/8jAwaukWZVezcZKLgVAGWpdq+GU2zvBvZXA8ADRIeTinQAvN/LNObZRENyg1SVfSUSgtz+RLDYO+C5+D3rdVdt0JWnlWTUYPQMeCPoFJvUXBAVNCg==",
  "Program DQgnoMXTD6Ebo7cgie6hpNjnVCtTnLVfjPcFc4JQZS19 consumed 58289 of 400000 compute units",
  "Program DQgnoMXTD6Ebo7cgie6hpNjnVCtTnLVfjPcFc4JQZS19 success",
  "Program DQgnoMXTD6Ebo7cgie6hpNjnVCtTnLVfjPcFc4JQZS19 invoke [1]",
  "Program log: Instruction: InitMarketBooks",
  "Program 11111111111111111111111111111111 invoke [2]",
  "Transfer: insufficient lamports 1558800, need 13697280",
  "Program 11111111111111111111111111111111 failed: custom program error: 0x1",
  "Program DQgnoMXTD6Ebo7cgie6hpNjnVCtTnLVfjPcFc4JQZS19 consumed 14353 of 341711 compute units",
  "Program DQgnoMXTD6Ebo7cgie6hpNjnVCtTnLVfjPcFc4JQZS19 failed: custom program error: 0x1"
]. 
Catch the `SendTransactionError` and call `getLogs()` on it for full details.
[bootstrap-devnet]   FAILED AMZN @ 28000: Simulation failed. 
Message: Transaction simulation failed: Error processing Instruction 1: custom program error: 0x1. 
Logs: 
[
  "Program data: WLiC5+JUBjqYuYvDFIUujaLpVWSj7bK91FdS3gmRYqI4gnFXgt7ecAQAAABBTVpOYG0AAAAAAABABxJqAAAAAMaTnXAI65vVumJIgGqLqHYqdodbcDIMlV7ZnMyZzUX71kJn5Mv6MHQjKEYcdWE9OioO3hbt6404Bh2A+nQO74o9OhAAowKUBs3cqyzVYPb/htFQLM3JSDEhI3LeaQ0G3g==",
  "Program DQgnoMXTD6Ebo7cgie6hpNjnVCtTnLVfjPcFc4JQZS19 consumed 55289 of 400000 compute units",
  "Program DQgnoMXTD6Ebo7cgie6hpNjnVCtTnLVfjPcFc4JQZS19 success",
  "Program DQgnoMXTD6Ebo7cgie6hpNjnVCtTnLVfjPcFc4JQZS19 invoke [1]",
  "Program log: Instruction: InitMarketBooks",
  "Program 11111111111111111111111111111111 invoke [2]",
  "Transfer: insufficient lamports 1558800, need 13697280",
  "Program 11111111111111111111111111111111 failed: custom program error: 0x1",
  "Program DQgnoMXTD6Ebo7cgie6hpNjnVCtTnLVfjPcFc4JQZS19 consumed 12853 of 344711 compute units",
  "Program DQgnoMXTD6Ebo7cgie6hpNjnVCtTnLVfjPcFc4JQZS19 failed: custom program error: 0x1"
]. 
Catch the `SendTransactionError` and call `getLogs()` on it for full details.
Server responded with 429 Too Many Requests.  Retrying after 500ms delay...
[bootstrap-devnet]   FAILED AMZN @ 29000: Simulation failed. 
Message: Transaction simulation failed: Error processing Instruction 1: custom program error: 0x1. 
Logs: 
[
  "Program data: WLiC5+JUBjrZm8iBw4pXPC4sL5QkPeGMcZvy1tDhSEZb0LTJM+wBRwQAAABBTVpOSHEAAAAAAABABxJqAAAAAFNECeIL8LSRH1z8LL3Y/NsAMaXlHbNu4bnlqpamJbJ79WlO0ReWZ86h370oqxs1zhX1/LlrcYURhmJu2T8skjAL3jCpYosd9QFKGssblxytMDiGXQeZ1+K1l+Rm2NwJOQ==",
  "Program DQgnoMXTD6Ebo7cgie6hpNjnVCtTnLVfjPcFc4JQZS19 consumed 55289 of 400000 compute units",
  "Program DQgnoMXTD6Ebo7cgie6hpNjnVCtTnLVfjPcFc4JQZS19 success",
  "Program DQgnoMXTD6Ebo7cgie6hpNjnVCtTnLVfjPcFc4JQZS19 invoke [1]",
  "Program log: Instruction: InitMarketBooks",
  "Program 11111111111111111111111111111111 invoke [2]",
  "Transfer: insufficient lamports 1558800, need 13697280",
  "Program 11111111111111111111111111111111 failed: custom program error: 0x1",
  "Program DQgnoMXTD6Ebo7cgie6hpNjnVCtTnLVfjPcFc4JQZS19 consumed 11353 of 344711 compute units",
  "Program DQgnoMXTD6Ebo7cgie6hpNjnVCtTnLVfjPcFc4JQZS19 failed: custom program error: 0x1"
]. 
Catch the `SendTransactionError` and call `getLogs()` on it for full details.
[bootstrap-devnet]   FAILED NVDA @ 20000: Simulation failed. 
Message: Transaction simulation failed: Error processing Instruction 1: custom program error: 0x1. 
Logs: 
[
  "Program data: WLiC5+JUBjrU2y/TgtQqiiAOZs+KhoAVf4ZjMnWgZP8UyU1brSWjfwQAAABOVkRBIE4AAAAAAABABxJqAAAAAPeodmqhARp+AIN25wx070fZmPGXo1cn+EOAIZpTf3vKnEINCZSpQC3NsGjuEF5lkc00VfXL8FiCStbVMOlv6nZlDwRW+D3PaMx7ji0Abuk31SXIdv6iHkdgycmlRPFSRw==",
  "Program DQgnoMXTD6Ebo7cgie6hpNjnVCtTnLVfjPcFc4JQZS19 consumed 55289 of 400000 compute units",
  "Program DQgnoMXTD6Ebo7cgie6hpNjnVCtTnLVfjPcFc4JQZS19 success",
  "Program DQgnoMXTD6Ebo7cgie6hpNjnVCtTnLVfjPcFc4JQZS19 invoke [1]",
  "Program log: Instruction: InitMarketBooks",
  "Program 11111111111111111111111111111111 invoke [2]",
  "Transfer: insufficient lamports 1558800, need 13697280",
  "Program 11111111111111111111111111111111 failed: custom program error: 0x1",
  "Program DQgnoMXTD6Ebo7cgie6hpNjnVCtTnLVfjPcFc4JQZS19 consumed 20353 of 344711 compute units",
  "Program DQgnoMXTD6Ebo7cgie6hpNjnVCtTnLVfjPcFc4JQZS19 failed: custom program error: 0x1"
]. 
Catch the `SendTransactionError` and call `getLogs()` on it for full details.
[bootstrap-devnet]   FAILED NVDA @ 21000: Simulation failed. 
Message: Transaction simulation failed: Error processing Instruction 1: custom program error: 0x1. 
Logs: 
[
  "Program data: WLiC5+JUBjrHOEW7lgkAfA36sbrggQF9pwGizcZsga8q70ZxGGU+zAQAAABOVkRBCFIAAAAAAABABxJqAAAAAMb2s0YafHxtjr1NGg64t2mPazYoNRGPuUEiCtlQw1jpsvjDrkDE/+R6T+nmtdHBIxS7m95i9C6HSRtFFYzj/6HDNDhk5lyDDlN4uGjpFgNfGg5yPGMnqTSBf7BoVo7yaw==",
  "Program DQgnoMXTD6Ebo7cgie6hpNjnVCtTnLVfjPcFc4JQZS19 consumed 61289 of 400000 compute units",
  "Program DQgnoMXTD6Ebo7cgie6hpNjnVCtTnLVfjPcFc4JQZS19 success",
  "Program DQgnoMXTD6Ebo7cgie6hpNjnVCtTnLVfjPcFc4JQZS19 invoke [1]",
  "Program log: Instruction: InitMarketBooks",
  "Program 11111111111111111111111111111111 invoke [2]",
  "Transfer: insufficient lamports 1558800, need 13697280",
  "Program 11111111111111111111111111111111 failed: custom program error: 0x1",
  "Program DQgnoMXTD6Ebo7cgie6hpNjnVCtTnLVfjPcFc4JQZS19 consumed 15853 of 338711 compute units",
  "Program DQgnoMXTD6Ebo7cgie6hpNjnVCtTnLVfjPcFc4JQZS19 failed: custom program error: 0x1"
]. 
Catch the `SendTransactionError` and call `getLogs()` on it for full details.
[bootstrap-devnet]   FAILED NVDA @ 22000: Simulation failed. 
Message: Transaction simulation failed: Error processing Instruction 1: custom program error: 0x1. 
Logs: 
[
  "Program data: WLiC5+JUBjq2yEYsP1BmuEnqsjq0LjMdarasFTaFKg2nawW5owhdQAQAAABOVkRB8FUAAAAAAABABxJqAAAAAJF6mQ1TCQFFomJYyuk7Jrm5UjOBNsoz63ldKji8jzzIEU9H0Pt+Qy1Qe71IKsTBikPgx2r5XxQ6dyerHniPKTQCYBuB78jMETiiIani93NxBA56VVbN7SgED5dyDlqWgA==",
  "Program DQgnoMXTD6Ebo7cgie6hpNjnVCtTnLVfjPcFc4JQZS19 consumed 67289 of 400000 compute units",
  "Program DQgnoMXTD6Ebo7cgie6hpNjnVCtTnLVfjPcFc4JQZS19 success",
  "Program DQgnoMXTD6Ebo7cgie6hpNjnVCtTnLVfjPcFc4JQZS19 invoke [1]",
  "Program log: Instruction: InitMarketBooks",
  "Program 11111111111111111111111111111111 invoke [2]",
  "Transfer: insufficient lamports 1558800, need 13697280",
  "Program 11111111111111111111111111111111 failed: custom program error: 0x1",
  "Program DQgnoMXTD6Ebo7cgie6hpNjnVCtTnLVfjPcFc4JQZS19 consumed 11353 of 332711 compute units",
  "Program DQgnoMXTD6Ebo7cgie6hpNjnVCtTnLVfjPcFc4JQZS19 failed: custom program error: 0x1"
]. 
Catch the `SendTransactionError` and call `getLogs()` on it for full details.
[bootstrap-devnet]   FAILED NVDA @ 23000: Simulation failed. 
Message: Transaction simulation failed: Error processing Instruction 1: custom program error: 0x1. 
Logs: 
[
  "Program data: WLiC5+JUBjrcdcmIkblhKDr8KBOslfSy62cFOahokKHtm9Sh3uHg9gQAAABOVkRB2FkAAAAAAABABxJqAAAAAICRE6qcuQZI+5VReOa6V4N2HAWmfaeOqa6rDHjaPK2PhxD2jSjfYe2nAA1pcgpmDJNvUFuFo2Z0hoarPH4icZorjMaP2B+8FLuK+fwvDDDPRQDmQzvACYCMMLPdmjkrJg==",
  "Program DQgnoMXTD6Ebo7cgie6hpNjnVCtTnLVfjPcFc4JQZS19 consumed 62789 of 400000 compute units",
  "Program DQgnoMXTD6Ebo7cgie6hpNjnVCtTnLVfjPcFc4JQZS19 success",
  "Program DQgnoMXTD6Ebo7cgie6hpNjnVCtTnLVfjPcFc4JQZS19 invoke [1]",
  "Program log: Instruction: InitMarketBooks",
  "Program 11111111111111111111111111111111 invoke [2]",
  "Transfer: insufficient lamports 1558800, need 13697280",
  "Program 11111111111111111111111111111111 failed: custom program error: 0x1",
  "Program DQgnoMXTD6Ebo7cgie6hpNjnVCtTnLVfjPcFc4JQZS19 consumed 11353 of 337211 compute units",
  "Program DQgnoMXTD6Ebo7cgie6hpNjnVCtTnLVfjPcFc4JQZS19 failed: custom program error: 0x1"
]. 
Catch the `SendTransactionError` and call `getLogs()` on it for full details.
[bootstrap-devnet]   FAILED META @ 56000: Simulation failed. 
Message: Transaction simulation failed: Error processing Instruction 1: custom program error: 0x1. 
Logs: 
[
  "Program data: WLiC5+JUBjoWUVA1qW8rKSKiO45J2+pI9Q19qVR6u3Gt0kHiTPJPYQQAAABNRVRBwNoAAAAAAABABxJqAAAAACWBqFMgMas2cxUg6wOWupXUoOQIxCJ+VGyCG6Amaz4WdL/zEBudplp8p5KWsH5dYZ+h9IG4F6C1tLx00B+c37y47rF3iqHFHPP+1a+XGqG0VSj0HWCx58hKImyExfV15A==",
  "Program DQgnoMXTD6Ebo7cgie6hpNjnVCtTnLVfjPcFc4JQZS19 consumed 61289 of 400000 compute units",
  "Program DQgnoMXTD6Ebo7cgie6hpNjnVCtTnLVfjPcFc4JQZS19 success",
  "Program DQgnoMXTD6Ebo7cgie6hpNjnVCtTnLVfjPcFc4JQZS19 invoke [1]",
  "Program log: Instruction: InitMarketBooks",
  "Program 11111111111111111111111111111111 invoke [2]",
  "Transfer: insufficient lamports 1558800, need 13697280",
  "Program 11111111111111111111111111111111 failed: custom program error: 0x1",
  "Program DQgnoMXTD6Ebo7cgie6hpNjnVCtTnLVfjPcFc4JQZS19 consumed 15853 of 338711 compute units",
  "Program DQgnoMXTD6Ebo7cgie6hpNjnVCtTnLVfjPcFc4JQZS19 failed: custom program error: 0x1"
]. 
Catch the `SendTransactionError` and call `getLogs()` on it for full details.
[bootstrap-devnet]   FAILED META @ 57000: Simulation failed. 
Message: Transaction simulation failed: Error processing Instruction 1: custom program error: 0x1. 
Logs: 
[
  "Program data: WLiC5+JUBjqtxNx9XyeEwkdqWs0kW/9S1RlWN9BtdLeDC3BLQhuRxgQAAABNRVRBqN4AAAAAAABABxJqAAAAAEwHUHXyLGjLLvZGVYh8CaOSSDD4ILCODMpJUClKZtHIQooVuri53DSrZa29xAMXpGPcysM7W9ZNqMA1OzUKQEvTahv59x5xa5qAZyEYi1qqVNShvn/BdwNmrFDVZx/ZVQ==",
  "Program DQgnoMXTD6Ebo7cgie6hpNjnVCtTnLVfjPcFc4JQZS19 consumed 58289 of 400000 compute units",
  "Program DQgnoMXTD6Ebo7cgie6hpNjnVCtTnLVfjPcFc4JQZS19 success",
  "Program DQgnoMXTD6Ebo7cgie6hpNjnVCtTnLVfjPcFc4JQZS19 invoke [1]",
  "Program log: Instruction: InitMarketBooks",
  "Program 11111111111111111111111111111111 invoke [2]",
  "Transfer: insufficient lamports 1558800, need 13697280",
  "Program 11111111111111111111111111111111 failed: custom program error: 0x1",
  "Program DQgnoMXTD6Ebo7cgie6hpNjnVCtTnLVfjPcFc4JQZS19 consumed 11353 of 341711 compute units",
  "Program DQgnoMXTD6Ebo7cgie6hpNjnVCtTnLVfjPcFc4JQZS19 failed: custom program error: 0x1"
]. 
Catch the `SendTransactionError` and call `getLogs()` on it for full details.
[bootstrap-devnet]   FAILED META @ 59000: Simulation failed. 
Message: Transaction simulation failed: Error processing Instruction 1: custom program error: 0x1. 
Logs: 
[
  "Program data: WLiC5+JUBjoOpH4AusQY6N4jbQoi3N6FIcQViwPJw3AbFX94NcAv2AQAAABNRVRBeOYAAAAAAABABxJqAAAAAOvDd5ANoL5OhmIbp0gF3tv3J8ubu2gUnPoqKTyWkqK9lzMOt7+7gkEWecA2U4srSr9yvfl0pwM7CrtqI3LC8GGghxoqpS8JFTyG/rIGpPsJu9QIPm/m3OXCKH2wEJxH0g==",
  "Program DQgnoMXTD6Ebo7cgie6hpNjnVCtTnLVfjPcFc4JQZS19 consumed 88289 of 400000 compute units",
  "Program DQgnoMXTD6Ebo7cgie6hpNjnVCtTnLVfjPcFc4JQZS19 success",
  "Program DQgnoMXTD6Ebo7cgie6hpNjnVCtTnLVfjPcFc4JQZS19 invoke [1]",
  "Program log: Instruction: InitMarketBooks",
  "Program 11111111111111111111111111111111 invoke [2]",
  "Transfer: insufficient lamports 1558800, need 13697280",
  "Program 11111111111111111111111111111111 failed: custom program error: 0x1",
  "Program DQgnoMXTD6Ebo7cgie6hpNjnVCtTnLVfjPcFc4JQZS19 consumed 15853 of 311711 compute units",
  "Program DQgnoMXTD6Ebo7cgie6hpNjnVCtTnLVfjPcFc4JQZS19 failed: custom program error: 0x1"
]. 
Catch the `SendTransactionError` and call `getLogs()` on it for full details.
Server responded with 429 Too Many Requests.  Retrying after 500ms delay...
[bootstrap-devnet]   FAILED META @ 63000: Simulation failed. 
Message: Transaction simulation failed: Error processing Instruction 1: custom program error: 0x1. 
Logs: 
[
  "Program data: WLiC5+JUBjqtzHRxXgNQc17GwaKhuDgE6+jqkI/6BLHxmV8MzHz3kAQAAABNRVRBGPYAAAAAAABABxJqAAAAACR51IkX/+JLNIoCycQKC008X95Cq80Zr5Y41lIu3rIPs+W7NqcS7SFZrmlz5BPtp011jpecq9htTlFZ/SNnGF++mazOE/InVKnstM/+MWMjlEUhm87lav0XGzjCpKii1w==",
  "Program DQgnoMXTD6Ebo7cgie6hpNjnVCtTnLVfjPcFc4JQZS19 consumed 58289 of 400000 compute units",
  "Program DQgnoMXTD6Ebo7cgie6hpNjnVCtTnLVfjPcFc4JQZS19 success",
  "Program DQgnoMXTD6Ebo7cgie6hpNjnVCtTnLVfjPcFc4JQZS19 invoke [1]",
  "Program log: Instruction: InitMarketBooks",
  "Program 11111111111111111111111111111111 invoke [2]",
  "Transfer: insufficient lamports 1558800, need 13697280",
  "Program 11111111111111111111111111111111 failed: custom program error: 0x1",
  "Program DQgnoMXTD6Ebo7cgie6hpNjnVCtTnLVfjPcFc4JQZS19 consumed 12853 of 341711 compute units",
  "Program DQgnoMXTD6Ebo7cgie6hpNjnVCtTnLVfjPcFc4JQZS19 failed: custom program error: 0x1"
]. 
Catch the `SendTransactionError` and call `getLogs()` on it for full details.
[bootstrap-devnet]   FAILED META @ 65000: Simulation failed. 
Message: Transaction simulation failed: Error processing Instruction 1: custom program error: 0x1. 
Logs: 
[
  "Program data: WLiC5+JUBjqPu2a3K0H7u8CTxySv3eWynttfapPQDah5KEksp9yr1wQAAABNRVRB6P0AAAAAAABABxJqAAAAAPEp4uFhHuYMwWs0jLxMkcxgfmcQoCMfWCVjpxtmu/rFNyZehLLcFqOXEHnO/dTbvraGK/c6rM8jpR+H8xEuntrQYBjZDZpwV4eb37hdjuBdZ7jDjnxdD04ysTN06ltDlw==",
  "Program DQgnoMXTD6Ebo7cgie6hpNjnVCtTnLVfjPcFc4JQZS19 consumed 59789 of 400000 compute units",
  "Program DQgnoMXTD6Ebo7cgie6hpNjnVCtTnLVfjPcFc4JQZS19 success",
  "Program DQgnoMXTD6Ebo7cgie6hpNjnVCtTnLVfjPcFc4JQZS19 invoke [1]",
  "Program log: Instruction: InitMarketBooks",
  "Program 11111111111111111111111111111111 invoke [2]",
  "Transfer: insufficient lamports 1558800, need 13697280",
  "Program 11111111111111111111111111111111 failed: custom program error: 0x1",
  "Program DQgnoMXTD6Ebo7cgie6hpNjnVCtTnLVfjPcFc4JQZS19 consumed 12853 of 340211 compute units",
  "Program DQgnoMXTD6Ebo7cgie6hpNjnVCtTnLVfjPcFc4JQZS19 failed: custom program error: 0x1"
]. 
Catch the `SendTransactionError` and call `getLogs()` on it for full details.
Server responded with 429 Too Many Requests.  Retrying after 500ms delay...
Server responded with 429 Too Many Requests.  Retrying after 1000ms delay...
[bootstrap-devnet]   FAILED META @ 67000: Simulation failed. 
Message: Transaction simulation failed: Error processing Instruction 1: custom program error: 0x1. 
Logs: 
[
  "Program data: WLiC5+JUBjr4oDjlmTsOoC9gxTexQg5SlCqBacLuX/fzUcVROl7xxgQAAABNRVRBuAUBAAAAAABABxJqAAAAAHl9yKNgJxDIx7n8Sa6jEOYSpFfjXXDjlVZ1Dyqrd5i965CL7bEEQ4jwmny/V0nhK5FLPryM1nm2XU6w0mfXj5tPQI6eKAaYuEcozCkB1BXN1CATAYTmpRBxeqdNsUymDA==",
  "Program DQgnoMXTD6Ebo7cgie6hpNjnVCtTnLVfjPcFc4JQZS19 consumed 64289 of 400000 compute units",
  "Program DQgnoMXTD6Ebo7cgie6hpNjnVCtTnLVfjPcFc4JQZS19 success",
  "Program DQgnoMXTD6Ebo7cgie6hpNjnVCtTnLVfjPcFc4JQZS19 invoke [1]",
  "Program log: Instruction: InitMarketBooks",
  "Program 11111111111111111111111111111111 invoke [2]",
  "Transfer: insufficient lamports 1558800, need 13697280",
  "Program 11111111111111111111111111111111 failed: custom program error: 0x1",
  "Program DQgnoMXTD6Ebo7cgie6hpNjnVCtTnLVfjPcFc4JQZS19 consumed 14353 of 335711 compute units",
  "Program DQgnoMXTD6Ebo7cgie6hpNjnVCtTnLVfjPcFc4JQZS19 failed: custom program error: 0x1"
]. 
Catch the `SendTransactionError` and call `getLogs()` on it for full details.
Server responded with 429 Too Many Requests.  Retrying after 500ms delay...
[bootstrap-devnet]   FAILED TSLA @ 39000: Simulation failed. 
Message: Transaction simulation failed: Error processing Instruction 1: custom program error: 0x1. 
Logs: 
[
  "Program data: WLiC5+JUBjpGYX9tnseP39NvF0EiSwfGD9saolQNnIZx3qTrnlnWigQAAABUU0xBWJgAAAAAAABABxJqAAAAAOfMiJ7lUgIdel+rjDznRrnkwEKb2CDEr4x1XbkMXPkeedQ0O21vkzg5d5MtNrPd9MFiGrIa1M/TGx6b0pzZRiSr8Jy7ngd2pz6aC7k7I11UwhQpmuSSp79DBFqVJ4Of+Q==",
  "Program DQgnoMXTD6Ebo7cgie6hpNjnVCtTnLVfjPcFc4JQZS19 consumed 62789 of 400000 compute units",
  "Program DQgnoMXTD6Ebo7cgie6hpNjnVCtTnLVfjPcFc4JQZS19 success",
  "Program DQgnoMXTD6Ebo7cgie6hpNjnVCtTnLVfjPcFc4JQZS19 invoke [1]",
  "Program log: Instruction: InitMarketBooks",
  "Program 11111111111111111111111111111111 invoke [2]",
  "Transfer: insufficient lamports 1558800, need 13697280",
  "Program 11111111111111111111111111111111 failed: custom program error: 0x1",
  "Program DQgnoMXTD6Ebo7cgie6hpNjnVCtTnLVfjPcFc4JQZS19 consumed 11353 of 337211 compute units",
  "Program DQgnoMXTD6Ebo7cgie6hpNjnVCtTnLVfjPcFc4JQZS19 failed: custom program error: 0x1"
]. 
Catch the `SendTransactionError` and call `getLogs()` on it for full details.
[bootstrap-devnet]   FAILED TSLA @ 40000: Simulation failed. 
Message: Transaction simulation failed: Error processing Instruction 1: custom program error: 0x1. 
Logs: 
[
  "Program data: WLiC5+JUBjq6oJTPgqy7teiRFgudp0D+UxI9kQ5UqS88oaO/ZhKkEgQAAABUU0xBQJwAAAAAAABABxJqAAAAAJAnolyBYNH+pk1ZWiNiTjG55qPocFI42avKppvlqh/xlpv8cHaRhC6ikSRpxVT6nJfBfE+Hi43cSG9+/5al6cfaOVCV12vib0EUUM45PH8oO+2B1viKio94UoNc//F3qQ==",
  "Program DQgnoMXTD6Ebo7cgie6hpNjnVCtTnLVfjPcFc4JQZS19 consumed 59789 of 400000 compute units",
  "Program DQgnoMXTD6Ebo7cgie6hpNjnVCtTnLVfjPcFc4JQZS19 success",
  "Program DQgnoMXTD6Ebo7cgie6hpNjnVCtTnLVfjPcFc4JQZS19 invoke [1]",
  "Program log: Instruction: InitMarketBooks",
  "Program 11111111111111111111111111111111 invoke [2]",
  "Transfer: insufficient lamports 1558800, need 13697280",
  "Program 11111111111111111111111111111111 failed: custom program error: 0x1",
  "Program DQgnoMXTD6Ebo7cgie6hpNjnVCtTnLVfjPcFc4JQZS19 consumed 11353 of 340211 compute units",
  "Program DQgnoMXTD6Ebo7cgie6hpNjnVCtTnLVfjPcFc4JQZS19 failed: custom program error: 0x1"
]. 
Catch the `SendTransactionError` and call `getLogs()` on it for full details.
[bootstrap-devnet]   FAILED TSLA @ 41000: Simulation failed. 
Message: Transaction simulation failed: Error processing Instruction 1: custom program error: 0x1. 
Logs: 
[
  "Program data: WLiC5+JUBjpXKPsh5S7d6tE2NRg3Wt5qpNSYDK8NHCSZkFL+qnnvRwQAAABUU0xBKKAAAAAAAABABxJqAAAAAASShDxBlzuAuGyOCwjaHb+y9KSOBx12v5CKo7JzWeX1P7kYA7M8kQ5sdduzr+3z+XxP0XaiqAQ9zwLSl1lFBPZCRPf/gZaf6+Ei8i2QGIiNPri9mtFN+2EbRcg0qAjCeg==",
  "Program DQgnoMXTD6Ebo7cgie6hpNjnVCtTnLVfjPcFc4JQZS19 consumed 59789 of 400000 compute units",
  "Program DQgnoMXTD6Ebo7cgie6hpNjnVCtTnLVfjPcFc4JQZS19 success",
  "Program DQgnoMXTD6Ebo7cgie6hpNjnVCtTnLVfjPcFc4JQZS19 invoke [1]",
  "Program log: Instruction: InitMarketBooks",
  "Program 11111111111111111111111111111111 invoke [2]",
  "Transfer: insufficient lamports 1558800, need 13697280",
  "Program 11111111111111111111111111111111 failed: custom program error: 0x1",
  "Program DQgnoMXTD6Ebo7cgie6hpNjnVCtTnLVfjPcFc4JQZS19 consumed 12853 of 340211 compute units",
  "Program DQgnoMXTD6Ebo7cgie6hpNjnVCtTnLVfjPcFc4JQZS19 failed: custom program error: 0x1"
]. 
Catch the `SendTransactionError` and call `getLogs()` on it for full details.
Server responded with 429 Too Many Requests.  Retrying after 500ms delay...
[bootstrap-devnet]   FAILED TSLA @ 44000: Simulation failed. 
Message: Transaction simulation failed: Error processing Instruction 1: custom program error: 0x1. 
Logs: 
[
  "Program data: WLiC5+JUBjqairpbNyNc4fhbQJb3X/+j0jbXarz59SWbKCLdOw8sIQQAAABUU0xB4KsAAAAAAABABxJqAAAAABgf2tMd3CwgjbLk11V8I47G+P8RSkARQbq/4YsR6x+ZtNXvyI0EIIZPVHdy282OXLJcWh85qNJJlrqjeDBbolJeRowOp9q4q7LK242akWdDbyOOWidbO4vEVT8vjUAazw==",
  "Program DQgnoMXTD6Ebo7cgie6hpNjnVCtTnLVfjPcFc4JQZS19 consumed 73289 of 400000 compute units",
  "Program DQgnoMXTD6Ebo7cgie6hpNjnVCtTnLVfjPcFc4JQZS19 success",
  "Program DQgnoMXTD6Ebo7cgie6hpNjnVCtTnLVfjPcFc4JQZS19 invoke [1]",
  "Program log: Instruction: InitMarketBooks",
  "Program 11111111111111111111111111111111 invoke [2]",
  "Transfer: insufficient lamports 1558800, need 13697280",
  "Program 11111111111111111111111111111111 failed: custom program error: 0x1",
  "Program DQgnoMXTD6Ebo7cgie6hpNjnVCtTnLVfjPcFc4JQZS19 consumed 12853 of 326711 compute units",
  "Program DQgnoMXTD6Ebo7cgie6hpNjnVCtTnLVfjPcFc4JQZS19 failed: custom program error: 0x1"
]. 
Catch the `SendTransactionError` and call `getLogs()` on it for full details.
[bootstrap-devnet]   FAILED TSLA @ 45000: Simulation failed. 
Message: Transaction simulation failed: Error processing Instruction 1: custom program error: 0x1. 
Logs: 
[
  "Program data: WLiC5+JUBjrgrsMK4kk8PSWj2dZ16YOSHKMAXEmCg60SsUGg7z+q4wQAAABUU0xByK8AAAAAAABABxJqAAAAAKke78ie9FdduhuoL7RlkzPMSUTzRHCmMHVeNmQanZfRqdRcSfYf7kxnqJiH/nXW/QewxPs4N/gVLmwIT0ArLiBXZEVPsgucnk6WdWNpf3WHPddufQHQxvL/U1E/ofKi9Q==",
  "Program DQgnoMXTD6Ebo7cgie6hpNjnVCtTnLVfjPcFc4JQZS19 consumed 56789 of 400000 compute units",
  "Program DQgnoMXTD6Ebo7cgie6hpNjnVCtTnLVfjPcFc4JQZS19 success",
  "Program DQgnoMXTD6Ebo7cgie6hpNjnVCtTnLVfjPcFc4JQZS19 invoke [1]",
  "Program log: Instruction: InitMarketBooks",
  "Program 11111111111111111111111111111111 invoke [2]",
  "Transfer: insufficient lamports 1558800, need 13697280",
  "Program 11111111111111111111111111111111 failed: custom program error: 0x1",
  "Program DQgnoMXTD6Ebo7cgie6hpNjnVCtTnLVfjPcFc4JQZS19 consumed 12853 of 343211 compute units",
  "Program DQgnoMXTD6Ebo7cgie6hpNjnVCtTnLVfjPcFc4JQZS19 failed: custom program error: 0x1"
]. 
Catch the `SendTransactionError` and call `getLogs()` on it for full details.
Server responded with 429 Too Many Requests.  Retrying after 500ms delay...
[bootstrap-devnet]   FAILED TSLA @ 46000: Simulation failed. 
Message: Transaction simulation failed: Error processing Instruction 1: custom program error: 0x1. 
Logs: 
[
  "Program data: WLiC5+JUBjocvTtuSx3Fd/opxsyuoeC/wrz5R2/iQ5vJn+9nhvMtdAQAAABUU0xBsLMAAAAAAABABxJqAAAAALXwvmky0TpXaeFQsj3wzHbHrCx6+dt4S3M824FrPXfb49R04P4cI6nwcwkM+dLH3+jNs0ZjfcsIFFaIutTsnjAAcGaUkgQXup23g4PeEYnCiP95ZbGP3+zcxv4kY2F7Tw==",
  "Program DQgnoMXTD6Ebo7cgie6hpNjnVCtTnLVfjPcFc4JQZS19 consumed 59789 of 400000 compute units",
  "Program DQgnoMXTD6Ebo7cgie6hpNjnVCtTnLVfjPcFc4JQZS19 success",
  "Program DQgnoMXTD6Ebo7cgie6hpNjnVCtTnLVfjPcFc4JQZS19 invoke [1]",
  "Program log: Instruction: InitMarketBooks",
  "Program 11111111111111111111111111111111 invoke [2]",
  "Transfer: insufficient lamports 1558800, need 13697280",
  "Program 11111111111111111111111111111111 failed: custom program error: 0x1",
  "Program DQgnoMXTD6Ebo7cgie6hpNjnVCtTnLVfjPcFc4JQZS19 consumed 11353 of 340211 compute units",
  "Program DQgnoMXTD6Ebo7cgie6hpNjnVCtTnLVfjPcFc4JQZS19 failed: custom program error: 0x1"
]. 
Catch the `SendTransactionError` and call `getLogs()` on it for full details.

============================================================
  Meridian DEVNET bootstrap complete
============================================================
  Program ID : DQgnoMXTD6Ebo7cgie6hpNjnVCtTnLVfjPcFc4JQZS19
  USDC mint  : Gh9ZwEmdLJ8DscKNTkTqPbNwLNNBjuSzaG9Vp2KGtKJr
  Admin      : 6GQwLJDFmwdjngnKBXV5K6e5i7zM4ufHnwxyUvXeZayM
  Dev wallet : 7VDBVfpRi1MJWie8nwh9Xe8aWHdYZtMxBqZoKRMCexV9
              -> get USDC at https://spl-token-faucet.com/?token-name=USDC-Dev
  Markets    : 19
    AAPL   6 strikes (hermes price): $280, $290, $300, $320, $330, $340
    MSFT   6 strikes (hermes price): $380, $390, $410, $430, $440, $460
    GOOGL  6 strikes (hermes price): $350, $360, $370, $390, $410, $420
    AMZN   1 strikes (hermes price): $240
    NVDA   0 strikes (hermes price): 
    META   0 strikes (hermes price): 
    TSLA   0 strikes (hermes price): 
============================================================
