Minimum difficulty: 3
Setup complete! Starting mining process...

Keypair mined! Pubkey: AAAQoyk7BZgQPY67hwEqQ3VcugueLBb6vdr1tkexSjH1: 
Received 0.02 SOL from faucet 6yvwhesLJeE8fNWviosRoUtBP3VFUXE7SEhSP9fFRJ3Z: TVA4FyZXYQ6tC5NBqummRm2Jv4rGwLwcFs5qbXCxTtJPJqcfqUEKvwmyZEnRAPBWDqZDuVw7yANy5zhf2GBmZsT
Keypair mined! Pubkey: AAAiUvEp99ZvKGZv11DN6QkShQfC5UaAkTW4eDMx4P5A: 
Received 0.02 SOL from faucet 6yvwhesLJeE8fNWviosRoUtBP3VFUXE7SEhSP9fFRJ3Z: 22z2txcwqMjGSaRFHm3zFCWeGNV9hmKb42K8raif1Bv3z9ATPAwo5V2WFD3YnrAn3eTodPJD7Ci4AkpL5JkK6hs7
Keypair mined! Pubkey: AAA4sNoL46BZYRqAxFJe34urc1viA4KJHndY42pUQxfY: 
Received 0.02 SOL from faucet 6yvwhesLJeE8fNWviosRoUtBP3VFUXE7SEhSP9fFRJ3Z: 3iTsMrFwXxJpmFRTLdU4GMT4yY5nVdAPKZStXXEjtPVEbmDdTSK6pn3TWG9TnacMmbvNMppQFtCxaAGo7L9xpWii
Keypair mined! Pubkey: AAAQvj6TBDysD3vJHWY9ZmMba8ccxmFfqtbQi2ihMSSf: 
Received 0.02 SOL from faucet 6yvwhesLJeE8fNWviosRoUtBP3VFUXE7SEhSP9fFRJ3Z: 2VzhUTUgHhjwfk1NmmtybDB8Zohxp3ndjhS6chkQkkkGvnF8HXuYPdT5JGxGshybE8ayVHXYpQUF7raprdSY2Vki
Keypair mined! Pubkey: AAAauPs2njMqHbPzktNwgR1A4UFdZSU4TbU9e7fqdCub: 
Received 0.02 SOL from faucet 6yvwhesLJeE8fNWviosRoUtBP3VFUXE7SEhSP9fFRJ3Z: 5tseHaLefUb9n4yRjg2Xe5dBSgsedfaWpRrqgUrUPjSaM62sZdBjeumrBBVdiJaDtR6cC7hoCy1drr2vZPgZbnaA
Keypair mined! Pubkey: AAALrQf3NCsS3joz7UMGwHdkXrRHNWQVH2ygL9jrsqp: 
Received 0.02 SOL from faucet 6yvwhesLJeE8fNWviosRoUtBP3VFUXE7SEhSP9fFRJ3Z: 29Qn3r9jdkUdz6U5kQFRKy6mwRdBZrsuuqsn41LXAae8n3nrvfp9JbAyAqrbqS4BfsrXKcKiKf5L52kVHYf9XJXe
Keypair mined! Pubkey: AAA2wU3WpajxyJnNiP4p7rPVZNKyeuhZNvkRkgBUUdtP: 
Received 0.02 SOL from faucet 6yvwhesLJeE8fNWviosRoUtBP3VFUXE7SEhSP9fFRJ3Z: 2Pu8SNchs7VzE8BgjBmQBtnbZ9KuRJVQkrq4EcXonj4juj1iLgCkFibSmhurtkuZvCki2zLB5jw8eB7p4JPmktym
Keypair mined! Pubkey: AAAPpuXq1Rt1AhMdxEfTyDFDsw4WMKA7bAnzwKNausQV: 
Received 0.02 SOL from faucet 6yvwhesLJeE8fNWviosRoUtBP3VFUXE7SEhSP9fFRJ3Z: 5J1NMLEHSkPGxUnQvvawJEu3C1u5ypH5Go9WXpQzNruRKYpE94P6VujdmnRmmGBtdWPz7fMz6R3uKSSz5X2YaFSj
Keypair mined! Pubkey: AAAbx1R4k1hcTN1RdByRs8DK2F19Mnxd65Bu66aDUi8J: 
Received 0.02 SOL from faucet 6yvwhesLJeE8fNWviosRoUtBP3VFUXE7SEhSP9fFRJ3Z: 3R4TBs9n9j5Exy91KBLB2CEQMTmn2n5dkS4mFuV7Fs3wQ3GsbvEw2P5MQWJEu6t7Qu7A8nRAXhi1qE1SxSB5DPfx
Keypair mined! Pubkey: AAAWbyLJUszNaJ6r1tQPN1S5K1omTfEVKw6YjdXcAPzJ: 
Received 0.02 SOL from faucet 6yvwhesLJeE8fNWviosRoUtBP3VFUXE7SEhSP9fFRJ3Z: 5JwLeE1Ktbyw2UReG3EgNNRPZ9ASSQKzxkkeziy32uk9vWnerkC2ECSdFi4CSaAKpZ9nn7oxCbU4g2dGKr3K1WFn
Keypair mined! Pubkey: AAAnBWvHhVSKmaSvxtf7K5of7ddhW8pP1SCUhfF6Y2GQ: 
Received 0.02 SOL from faucet 6yvwhesLJeE8fNWviosRoUtBP3VFUXE7SEhSP9fFRJ3Z: 4Lbj9kSdJcwmXr3YakRUcZ96TQRuE1DXnm4fn98wbpTxSrxjNktGnUnLPGwiamTWXec2XpmLLGXcibvWEjTby43A
Keypair mined! Pubkey: AAAYhtesz5wpYp4kjYNwV8A6PRvRaVAiEj7zoTqKeL6e: 
Received 0.02 SOL from faucet 6yvwhesLJeE8fNWviosRoUtBP3VFUXE7SEhSP9fFRJ3Z: 3uARoXfXcnRBBCCYa23CrfUFGCvMEsnXDYpEaPuv6B6Vuvyo3rV9VurT8MyA9vSfWkoprE8UW45kUzQAySnurh1Z
Keypair mined! Pubkey: AAA8xW2pwefyzunJznSownWHpC3a6EdJWDPug6cgkbcA: 
Received 0.02 SOL from faucet 6yvwhesLJeE8fNWviosRoUtBP3VFUXE7SEhSP9fFRJ3Z: 5hyfCTWBQDCbTkuWqwW29QFFkZPWrm2aCkLTzJp6cAwSGi3sR4Kdht2BhrVuiCgKHCs87aWjCq3fX9LQEWH68YGR
Keypair mined! Pubkey: AAANJLMLHr3AXRxmyjBNAkSjivRhW7Ep3zQmPM9MFtuQ: 
Received 0.02 SOL from faucet 6yvwhesLJeE8fNWviosRoUtBP3VFUXE7SEhSP9fFRJ3Z: 2a9GLw9Pm7sXAMLMFf1Ch1vhpGaanRSfuKwReQk4kK62sJVPHeThoCHapRjx6pv1zTiMPCZuLRdEQzCYrVEyLg7L
Keypair mined! Pubkey: AAA24MgNsaZwVPYXcmd2CBbAbkuNGZVcqMuSTcjqcaYC: 
Received 0.02 SOL from faucet 6yvwhesLJeE8fNWviosRoUtBP3VFUXE7SEhSP9fFRJ3Z: 25hFBw9o3nJJkuerMeo887PuWApt5QiMutfCKJsfUJPQv3Lh58C6D67BFqPeXB6T89LcNZgm1PPj5ZJrrVcTFhUT
Keypair mined! Pubkey: AAAxeZMcDLfQDaaBYst7CTGKfaHMid8R8zCTvNHHxzaG: 
Received 0.02 SOL from faucet 6yvwhesLJeE8fNWviosRoUtBP3VFUXE7SEhSP9fFRJ3Z: 9XB85hRbcJVU9RjACNH8qCGKEes4B82vZXz7jjZNJMpj7yTFeuJb9tNRzJRaZL7yMm9JeuQiG7SyEgdLZPfnf5a
Keypair mined! Pubkey: AAAMeKnVKLD6xyrb4aZd9hFttLeADRQsyVnfGTpninvj: 
Received 0.02 SOL from faucet 6yvwhesLJeE8fNWviosRoUtBP3VFUXE7SEhSP9fFRJ3Z: 4re8y1wNJdyswZ3nrH7yGtXgMD7Gu7HZrHAZUb8XiNfEcx6Lzxv33vQQxFN69azQQt6KGKAr34J1EqYpUPqqYT7t
Keypair mined! Pubkey: AAADL14FaZjRNVKjx7x7PTcKxYKqTdbzpEAmXay9fmgj: 
Received 0.02 SOL from faucet 6yvwhesLJeE8fNWviosRoUtBP3VFUXE7SEhSP9fFRJ3Z: 68GBSTkpGmZ7eN9PpytrjyWn7Vumij5B84diAxjFX7qbncfof6FbD3HyjaYCAqok7ByZU8ALRFLrD47xbL1s2Py
Keypair mined! Pubkey: AAAeZnp2X2pqUaHZa3RcgFG4WQjfkyKP1CpaEppDT8ZB: 
Received 0.02 SOL from faucet 6yvwhesLJeE8fNWviosRoUtBP3VFUXE7SEhSP9fFRJ3Z: 67F2i6zavAoRLbvSg53uGWg9CA671KAcosRZyUFC5i4k1tkc8ScU9WXUpHtj4KS25jvjdGbfQcDGiL3DY9nmU2i7
Keypair mined! Pubkey: AAAadGMByPEhFdtmZJZqdvzDZgdxEkT2ixxqtrRHQRnL: 
Received 0.02 SOL from faucet 6yvwhesLJeE8fNWviosRoUtBP3VFUXE7SEhSP9fFRJ3Z: 59cXXhMJLLYnQqwLFuvyKdNvrvGRekpygmkkPEXaRwSpoTaZCKmHBjp3FaJ1SszePgY8oYf4rTYP4jLmLmiLNn5q
Keypair mined! Pubkey: AAATcaAuH6HeGGiEjHDRk4qtckEnX4svq5YxFCLYBx6S: 
Received 0.02 SOL from faucet 6yvwhesLJeE8fNWviosRoUtBP3VFUXE7SEhSP9fFRJ3Z: 4TQezT4qq22ErBgz73UUBdSUCNb9X2ZDyhtrfjwMJbrMozAfAyMP8UCsrPr3s3dCyQHbzmNeqEhxoNKERJhwxgBD
Keypair mined! Pubkey: AAA1krnqKsUe5SQLdsQouEYYQMVaxpkjexJuxEF2rA1F: 
Received 0.02 SOL from faucet 6yvwhesLJeE8fNWviosRoUtBP3VFUXE7SEhSP9fFRJ3Z: 2f7rgSPsnVdXTM7nQtWrnfSWSfGdqy9G6YMjoo5yBcTKcjasjVnvugBM1F2ow4aVJN9egy2QEG694gWgqexStvLb
Keypair mined! Pubkey: AAAzzfS8A8medsHXC3ASurT3uBkCKtqUXPWUvqCgB5xz: 
Received 0.02 SOL from faucet 6yvwhesLJeE8fNWviosRoUtBP3VFUXE7SEhSP9fFRJ3Z: 4wypQrfT9tS2T4fqc9n4j2UBM8iL3fUuTnQmjQmg8zqm5dEFprU59GptUk6rDid15FLncvV6rNnVYpKJpiC7dVBy
Keypair mined! Pubkey: AAAPZ2qLBjoZeWAGpbi16CwjJ4Mfjoz3yxsZ3tt8TxDM: 
Received 0.02 SOL from faucet 6yvwhesLJeE8fNWviosRoUtBP3VFUXE7SEhSP9fFRJ3Z: 35MzER7dbKt9WTssPmRGazsWaHXFoDqan5i5L1AxeBTgAwDdULZfvSSiHiB5HzZDnGk2iGCZuWe3GFmYSD51VeoB
Keypair mined! Pubkey: AAA5bQwjkhKKzwNpARDxFRFSyDkruFq4qkDEDfYAR4YX: 
Received 0.02 SOL from faucet 6yvwhesLJeE8fNWviosRoUtBP3VFUXE7SEhSP9fFRJ3Z: 57t38GaM9eLbuiYCECVYkGmnkDDpmwkgJhr9qkUJB6xY6UdXVLYy86NarDNTz3aJtMkRp81dpb8MTCfMA9uUjZi3
Keypair mined! Pubkey: AAA4Naex6aPJxxYyPkGTXPiq8mTyDVi8zHQc8aj1juua: 
Received 0.02 SOL from faucet 6yvwhesLJeE8fNWviosRoUtBP3VFUXE7SEhSP9fFRJ3Z: 26dPzNXAvyJ5CDczUYecMFBcCEQB8sWyz1KA2sUjxsrQgjfHZ8f57gmwpWrZfQ3D67zy5MEd6x7Qw9uSMD8yQGLk
Keypair mined! Pubkey: AAADE4XSB2c7ykrGReSmn9w9tLp9dbHRYRwJbMYmefh9: 
Received 0.02 SOL from faucet 6yvwhesLJeE8fNWviosRoUtBP3VFUXE7SEhSP9fFRJ3Z: fs5yjRRBdwpWwsB2WcTYjYZE1jtHERrU5Y1RDgz7VLDzQUsMUV67iT5JwiS8xKxfvHtuagweQ8pFSkmA5RnUvzZ
Keypair mined! Pubkey: AAAKtTVPTxZ1aUMH9TvYEDiX3Zx6SJFNTHJHZPqmicL9: 
Received 0.02 SOL from faucet 6yvwhesLJeE8fNWviosRoUtBP3VFUXE7SEhSP9fFRJ3Z: u5TNm3Z6s14zHMRBeaBPmTwNJ38SiMqzLaH7vuh1wy8H67cJGeh2LjxfEtaxDxY3FtSuGnqSCaAR7TRza4EpysJ
Keypair mined! Pubkey: AAArSvr3B9Es6X3odtBCVNbv6QncVWevuR5DxZjjY6n1: 
Received 0.02 SOL from faucet 6yvwhesLJeE8fNWviosRoUtBP3VFUXE7SEhSP9fFRJ3Z: 4irPV7WPzjvNgvZ6snhG7dyznsKWZPeDLs6P6p8xZBTxk67jkiRcVE9sAaK4HFLACQNXQFi2S9oyva4tQcv7wFSv
Keypair mined! Pubkey: AAAEoqCRgJqoza7p5gpLwTPGWLR1XDea8viBHpDN4NGK: 
Received 0.02 SOL from faucet 6yvwhesLJeE8fNWviosRoUtBP3VFUXE7SEhSP9fFRJ3Z: gN4Jzrm5Gw6NtDtiyF1qGXHGAcTrNGPobUqLpKT4kegaworweQwXcosqBRgxMWEA1Jsf5W3XzPja1ooLdENKrZZ
Keypair mined! Pubkey: AAAQjc6wZWCz8McdUN7ZvJFtLdHxz2tB5k8ynmRpkTCU: 
Received 0.02 SOL from faucet 6yvwhesLJeE8fNWviosRoUtBP3VFUXE7SEhSP9fFRJ3Z: KH4eJZA1U7hDitMZcHne4qRaymoWuxfo75JDkus2mdNvqAHcK7frwma7Msj7hkidXahC94obHRXH3bHPt2SCPhw
Keypair mined! Pubkey: AAA1y4BSVSyBPs4UKqdJcyobQZzgB2X3cWvHXkXR1y3T: 
Received 0.02 SOL from faucet 6yvwhesLJeE8fNWviosRoUtBP3VFUXE7SEhSP9fFRJ3Z: HhxCRZQoUyuH2SAEt91SAPSf8Uu2ZzB5m7aCoDa3Mz2jZVTfs9rgFpbgm664ZzE41pC9iEQnxoh1R8nGrE3YJHh
Keypair mined! Pubkey: AAAq5KEDYt8Zfap3H12LTgLEx255kntqe3i4v7m3SZgz: 
Received 0.02 SOL from faucet 6yvwhesLJeE8fNWviosRoUtBP3VFUXE7SEhSP9fFRJ3Z: 4nTng7wG1GaVQoukrgRnKT3cG7RZPXsikgBFjjAVDtFXE2ejJjs1wpxLgM6r9bHyrsTDk8PRvF7aimXvYsg198VN
Keypair mined! Pubkey: AAAqomVntjyG4ETEV4YLSDYpNQsEbGeM3UWAw9VTCbRA: 
Received 0.02 SOL from faucet 6yvwhesLJeE8fNWviosRoUtBP3VFUXE7SEhSP9fFRJ3Z: 46pbtgTyWVLXvTDK7B3ZFvQcSagzogE83cC51L5rWifD9QthCezHTbPLsKhBjkdFT3wtce2LFKDRktCun3y64Kb3
Keypair mined! Pubkey: AAAcTF43T3iAyc68A3nJsAQBtbip1Zh7i7oKXHeVKZsL: 
Received 0.02 SOL from faucet 6yvwhesLJeE8fNWviosRoUtBP3VFUXE7SEhSP9fFRJ3Z: 5XYzN324QjRkXbR2dhfLtST8GLk9Yueu9VNDbVf1jQssc71JdMKxeLxJp8UtTGswuhGAM8CtBvC7sci7zAkJb5RE
Keypair mined! Pubkey: AAANvh6R9H3H5oHdY6xek1xfyi1aXD5rt2F8K1W7TtNH: 
Received 0.02 SOL from faucet 6yvwhesLJeE8fNWviosRoUtBP3VFUXE7SEhSP9fFRJ3Z: 2AErJXo9S69VfsCFa1NNzoyTt9RXuHeu21yo1r4SthJC1L2ChC7g7uJcSEFgpPMnS2FT94sNBotctaHhDjLJYk44
Keypair mined! Pubkey: AAAoaaTjPczrSnN8HX28pc3vvAUeQ9REdTtGRgL4B9SA: 
Received 0.02 SOL from faucet 6yvwhesLJeE8fNWviosRoUtBP3VFUXE7SEhSP9fFRJ3Z: 2HCX1hd8VwRX1hL4VF6uYtdRuxA8ot7tSj4XNBUW7199TF2ewCn7ajmsZm11Xv6vwhkGqj8anrsDbXyfXk5gzMWJ
Keypair mined! Pubkey: AAA8w2a1qB77yUBoM8dhNZD7FLbjWcERrakEAYTutZ9J: 
Received 0.02 SOL from faucet 6yvwhesLJeE8fNWviosRoUtBP3VFUXE7SEhSP9fFRJ3Z: 2cVABBi1P5SswuvY4rSAJQf145EU7ymPh48LhuUtbccT5V547eE88kNLJCZXYMyUVPkBoiGH6RCaCWc5Lc4mnYpY
Keypair mined! Pubkey: AAAzqCDfNeb1rTnSEn2e5G7Fs5PLYqNeoj2BagncUZ7Z: 
Received 0.02 SOL from faucet 6yvwhesLJeE8fNWviosRoUtBP3VFUXE7SEhSP9fFRJ3Z: 5SJTVb1ymSj1uexXtAaQJvjoARDFJriSJQMiLnApCqVVpjB4TPiEaJdRaP1bCXMWttEYivV3JCE4AY3QcNA9ZrFX
Keypair mined! Pubkey: AAAskrsRgobHiYqnWLwj6PoKjreGExKbqtVWCZvQgsFL: 
Received 0.02 SOL from faucet 6yvwhesLJeE8fNWviosRoUtBP3VFUXE7SEhSP9fFRJ3Z: 3mTgUf5SXB6nqDA5KtuaSyGBNrXU3tJqYcN2jtmwuKBysRSBhmAs7ZWvYa7iftT6zy3mCVinT94P6KjmVLjpZv3x
Keypair mined! Pubkey: AAAvxpNYDuffQJvXFxxJEurmJeZXe7gFhh4msqLW5pQy: 
Received 0.02 SOL from faucet 6yvwhesLJeE8fNWviosRoUtBP3VFUXE7SEhSP9fFRJ3Z: 3J7E5REyA9PVb9Ccp7oWmkH7xPHDNyUYSTy6fdaJL9PTnn2a3LFEypdjEDURn97Hot2DR1w2HhRgE8UBaz9v5kUr
Keypair mined! Pubkey: AAA8uw8eBt9dfLnwnn6QVe417dV9E35NAcGKnVyt6pBm: 
Received 0.02 SOL from faucet 6yvwhesLJeE8fNWviosRoUtBP3VFUXE7SEhSP9fFRJ3Z: 2Wbisp2KC8qgyaMSKLqp3xEDguskREJAtBPjRWKneszayZ3F8SWxxBsZiukjjDLAKjLrvrWTwN3ktaS9CynwYnSm
Keypair mined! Pubkey: AAA9NPiBBYvp3J44WJVFba8pXRLei1KEumVY15XfrkYw: 
Received 0.02 SOL from faucet 6yvwhesLJeE8fNWviosRoUtBP3VFUXE7SEhSP9fFRJ3Z: 2mG1eQtWJ4w96ZXT9qojt2F6ya6ZDKKAmCk7kNS8DZY4fTnAuVevmTDwtEAU65tLuKELghhfXger45CVw4eX9h7H
Keypair mined! Pubkey: AAAFdthFbZxV2HaLSas4z5pG8qhXrYTJ9Yk6jYW4naFZ: 
Received 0.02 SOL from faucet 6yvwhesLJeE8fNWviosRoUtBP3VFUXE7SEhSP9fFRJ3Z: 2dxQsHnPrgccWCG3ds4QJ15PbXUJhytg68bQDNQKFG1jb1MgVmz5mK3pa8RMneYjY4MaUVzxr2YKUHbNX3KiV5fr
Keypair mined! Pubkey: AAAtvfpjXBxoh4VyjTMQAGEj3o6JyAvWZiLj5izJ8NHn: 
Received 0.02 SOL from faucet 6yvwhesLJeE8fNWviosRoUtBP3VFUXE7SEhSP9fFRJ3Z: 55KfmsRekv8nMQWFnMiqQ5voPz9E9fdvJ3gGrMi61RdaxVfMfr8QNcVXfYGcYT6igjsqmcNWRkpR11qeM2KVNs7T
Keypair mined! Pubkey: AAAFE4BeoJToo1z9Hh66Py43Vcgr26qLTg8KcPrasiHa: 
Received 0.02 SOL from faucet 6yvwhesLJeE8fNWviosRoUtBP3VFUXE7SEhSP9fFRJ3Z: P9W5VTiTt3oeF26EL3wZhz18C6TTRPRvwnAiCrwAwEh8JnGjxgT8iwa1fPn779U2XA6KGZkyop88qxqvMzBbdyy
Keypair mined! Pubkey: AAAFbHaNriRKW5uAuEqvLNW6cpTZvd8aK3HraVyWxXuc: 
Received 0.02 SOL from faucet 6yvwhesLJeE8fNWviosRoUtBP3VFUXE7SEhSP9fFRJ3Z: 35dx7LYEg7cnfLnQ7eCnmcmC5fDKjVumMnpujamt2PFQJrZVvpNf9HmeDHBqEpso7ishx75b4D6ecb1EA9kwLSSc
Keypair mined! Pubkey: AAA4zETEbbG4pxPFwj2tf159spHM7dwAEnLn7rCjsd9X: 
Received 0.02 SOL from faucet 6yvwhesLJeE8fNWviosRoUtBP3VFUXE7SEhSP9fFRJ3Z: 4cwTeDX9oc2fVHZjBvJKZe78Ez48UfPCfaicmoPVYzFPXTbSts52dJokRWcPL6TK8n9feP7Xj6qdGycCHCJhbVu
Keypair mined! Pubkey: AAAEr9L2XvhyDMGam2cdRgRMjPJMMzuKvVC3ooumnQ9x: 
Received 0.02 SOL from faucet 6yvwhesLJeE8fNWviosRoUtBP3VFUXE7SEhSP9fFRJ3Z: 2aoD9uQyVdzf2iy5irwEvCy1Hb2qdq7LzH6YYFc5wKLq3zMzii3dtXxkyFN4Rbk6EwuJpMnAbDkzWn4gX968DfdQ
Keypair mined! Pubkey: AAAjzifkhtpmBYuynJpSnkhn3GBNHq6is4vzrEG7KEYP: 
Received 0.02 SOL from faucet 6yvwhesLJeE8fNWviosRoUtBP3VFUXE7SEhSP9fFRJ3Z: 4wXtSJcopnDacKNagheTJBjfbBn9K9wAGFXgZcQomzUYwXnh143N3Pjp67re8cfcvWLqppaixwxnYGRNRzNeuL7s
Keypair mined! Pubkey: AAAsxnWR8JvYFqp8tFuibBaZy6GW3DPhCZvLTY559ydG: 
Received 0.02 SOL from faucet 6yvwhesLJeE8fNWviosRoUtBP3VFUXE7SEhSP9fFRJ3Z: 3ruzwWTdLzhd3ZhUwfUAmHJLdgLJuBi6uRRkab24gqw7Eap3sMyQrjDrQWLuwF7ZDK2DgqUvYagtqcoheLqVWKTR
Keypair mined! Pubkey: AAAWu9XojHJyEPhY2xFN1tk6s8ou3h9rwRz8mxSDoPPU: 
Received 0.02 SOL from faucet 6yvwhesLJeE8fNWviosRoUtBP3VFUXE7SEhSP9fFRJ3Z: 4o1HhgwpEnFJtVoZC1v75XSBT3kGUPtc35JPxves65947eTe7i3a6jxpvMrYjtGGYPLciYLB6z2TXoEpSS7n95XV
Keypair mined! Pubkey: AAAfHKSna4JUQ5oVbiiGuPooc8eHZmMLYUFXEBQ8Fd2p: 
Received 0.02 SOL from faucet 6yvwhesLJeE8fNWviosRoUtBP3VFUXE7SEhSP9fFRJ3Z: 4WehEGi9THvE6nqMW2f4PbkDsaKP9yA7DXyDTRJDnpbRnCWxrQoie7sJpsNybAKPwBFTSCW5DGTWx8Cqqp9ntrag
Keypair mined! Pubkey: AAAbRSqfsjYMDBZNWgJW1uV2Nd8shAFYJQ4zFPfK5mAf: 
Received 0.02 SOL from faucet 6yvwhesLJeE8fNWviosRoUtBP3VFUXE7SEhSP9fFRJ3Z: 33kNoHE6FZuTxxuZVexqhFt1wkXq8YaWWouyFe2hLMzYURvnsD4wDYcdkmXHAKAeoGVqxrkKFa7nqiUgeLWVi3rZ
Keypair mined! Pubkey: AAAgBQUjkR3rKw5eHjZ6fFpKnvN7KML7Bci3yEp7YnU4: 
Received 0.02 SOL from faucet 6yvwhesLJeE8fNWviosRoUtBP3VFUXE7SEhSP9fFRJ3Z: 2yJxek6H4vsg6sNGyS842wvKiR7V1MXt2iXTJ7bFR122RZsEjSw9TVmGwLM8eXZypXNrjfpjaHkMnnDKpWvaCJP1
Keypair mined! Pubkey: AAApdH1G43maMuPWi1djsrVTfVudR4q7LQ12rCoL9nMr: 
Received 0.02 SOL from faucet 6yvwhesLJeE8fNWviosRoUtBP3VFUXE7SEhSP9fFRJ3Z: 2Qr42xeQsaqbrtErfEkmLDXCbkM9K5wkb2MXBKj97f8ZDwT68hgNK9BorehJgeMvTmhEcF3N1pzn2Ke2B4nWBDcg
Keypair mined! Pubkey: AAA65hAVoiUj5791Uwgx7PXRbVWKBCjfQMbCnpppgsHf: 
Received 0.02 SOL from faucet 6yvwhesLJeE8fNWviosRoUtBP3VFUXE7SEhSP9fFRJ3Z: 4NA6TfUgY3KfqcrYuWbo7cSoDRme3jUNKaREwGSa7umqKz9PwPrgFJNs8UkxX1c5ddzqDZPzhyrjR4LiKwGMFPtM
Keypair mined! Pubkey: AAAFSZfyH3eRRi3LveSFveUXYdGnMqi5i7SkTEqjSKox: 
Received 0.02 SOL from faucet 6yvwhesLJeE8fNWviosRoUtBP3VFUXE7SEhSP9fFRJ3Z: 3SfKbRT3yyScb8N9hanT6Ef2eK2vLjbA5FQ5pvtEeCQm5r5dGLa85X3dWr3oTDzhsPPcXH6bTeqaTpi6j3ejA92A
Keypair mined! Pubkey: AAA9RD2XQatfM8TujKUbMQA7QJhkcAc3CWRcE5wthqWK: 
Received 0.02 SOL from faucet 6yvwhesLJeE8fNWviosRoUtBP3VFUXE7SEhSP9fFRJ3Z: BYpjhEjHQ8X8f5PHT4vCvAGpxrWQmPaatErdLfsqBCu221VsfxwrtqkUeuBTciAmmMuNk8JCAAryZgJBaADeSr1
Keypair mined! Pubkey: AAANene7UmBSzSdBsz7GHnyJ3oJQyYeHjUfn4H3J7mex: 
Received 0.02 SOL from faucet 6yvwhesLJeE8fNWviosRoUtBP3VFUXE7SEhSP9fFRJ3Z: iaVFYDVguexjG86r5e5n9VLSHBDZp5hJWRWgd8oRhRu2Jc8CYNg1KVsFfxTeiAeGmcdyRhJq1MVWULKVJoWUFEK
Keypair mined! Pubkey: AAAyxEhu6gjgjbcVKbs7EeiF66atnmLHWzQqx1Qdu7MH: 
Received 0.02 SOL from faucet 6yvwhesLJeE8fNWviosRoUtBP3VFUXE7SEhSP9fFRJ3Z: 4aVyF4g38cKReCQo9L7BL2tkXWz4CWu8w96mK5nuy6VzzJeLyYVKCH5WCXAJxhsVYnJuaoDZEuxVuSTi5Fcf4H3M
Keypair mined! Pubkey: AAABB39iW2DB9Z9iEpQUpgQXBstRWx5ga9ThjBoRLHrZ: 
Received 0.02 SOL from faucet 6yvwhesLJeE8fNWviosRoUtBP3VFUXE7SEhSP9fFRJ3Z: 4kBkkzCEMQuVKMzvctT7FjSuWMXRpaNQgJq66i49CX5i5BNcrRgdT6PLRLNWBnGPbiVt8rDYEW1fpE9v5UEkpNYd
Keypair mined! Pubkey: AAAg5c37k9SN2k7dLRoQY9fpqrbmvB6GfR5b4M1PjFZr: 
Received 0.02 SOL from faucet 6yvwhesLJeE8fNWviosRoUtBP3VFUXE7SEhSP9fFRJ3Z: 3SkUXTsZGaQYPYZHehP1zanhNavpTL6LbDTjkENeak8sLKGH7f1YwRVJKe4MEWgPuURwzsAdZCaqB6krT7KM7jFB
Keypair mined! Pubkey: AAAxZYcNV6EkiwF1cQ6CZXNZJLtPQC9vbQuLk6rju3W7: 
Received 0.02 SOL from faucet 6yvwhesLJeE8fNWviosRoUtBP3VFUXE7SEhSP9fFRJ3Z: oXiHPUPzQq81My2VRDzYVn2baNWLAk4gecHQbhuJSizjp8AcnN1N1GyM91UAVUFGavAXTmkbZWaypZibRbFFD9z
Keypair mined! Pubkey: AAAQ5mnsUt9djvMMayXqKEZFJbVJ8bf5CU2hSWtwJevD: 
Received 0.02 SOL from faucet 6yvwhesLJeE8fNWviosRoUtBP3VFUXE7SEhSP9fFRJ3Z: 2n6rH9DEF9kSJucTEtzJFvPnA6t2Cwi4VB3inKZCGAkVJ1xZgQ86fGKi3FbMNA5f1zdmCcDPkdofcXQvbJDvWFa1
Keypair mined! Pubkey: AAAsu4Z1zRyP3qeMrrAULy34MNFNF4mJkF1kM2prtpCw: 
Received 0.02 SOL from faucet 6yvwhesLJeE8fNWviosRoUtBP3VFUXE7SEhSP9fFRJ3Z: 4akhVm6ugaJPgsKDYFB4yJeAjcqP1oPqzZx7678RdmNfDqk7Rke9BCUpYWnuE2BdFpX7U5tLo8ZEQw9Y1zX932qr
Keypair mined! Pubkey: AAASq3pLKfNwkfEiedk44f4AWBRbnSj8iTXPc6jnWTEb: 
Received 0.02 SOL from faucet 6yvwhesLJeE8fNWviosRoUtBP3VFUXE7SEhSP9fFRJ3Z: 4VBpxjCCiGzSA52MrbNRZY59HeopiPkZTXdBZBzUZgrfrYq2QK9m5eKfhPJxVZVc1ZeJYbhsweYqGiVLrzqX5e3R
Keypair mined! Pubkey: AAATYZTBTNGtRc7hZLT5LvEmGSDaPvpLbTqJoSKRzGU6: 
Received 0.02 SOL from faucet 6yvwhesLJeE8fNWviosRoUtBP3VFUXE7SEhSP9fFRJ3Z: 539Ww6N8oRCsSd7awUgyvkG1MSEzzjAfi6qkRronir8cLRBCZzpsxhoaMKCXYSi55B5YjgjAxYUPqEKPTkdDsx7g
Keypair mined! Pubkey: AAA2nRHkspWSvznTBXRkHDZ8AMQyvYhyB3EyK2WJtvCV: 
Received 0.02 SOL from faucet 6yvwhesLJeE8fNWviosRoUtBP3VFUXE7SEhSP9fFRJ3Z: 3Hwkzi2vukKQqwhgdw9MYuyjVyS2yLtepNB2asK5Dfqve9Wq2aiUP3awgryqbjjWkodHJjoDeAwgZYLD2RcFL3eY
Keypair mined! Pubkey: AAAEgR6Z9ehYrD4398SHkpbbMFggNjQRkXUUkzwm5yP9: 
Received 0.02 SOL from faucet 6yvwhesLJeE8fNWviosRoUtBP3VFUXE7SEhSP9fFRJ3Z: 5U5gKuESj7eQJT4W62tkPjY5FkuCXqSpCUTquBY61bK63xtdjTBG43xr6gcFi7RwypUwqKPqRQoS5MNiyihkkbjL
Keypair mined! Pubkey: AAAAredQoWiVzPDrMAzC9voH6BGSteNGadSEYDy3G281: 
Received 0.02 SOL from faucet 6yvwhesLJeE8fNWviosRoUtBP3VFUXE7SEhSP9fFRJ3Z: kMf8PWJQe8SgQ24YXDSbmjqM4U5pGuVF27bG2swR6wU7vMyVRGoy9a8YdZSWzsK8uDP5awAbN7uD98kb9U4DMQF
Keypair mined! Pubkey: AAAvtWJb4pnLQpkqumSojRZ8x8DUMRZCCgTr8RBTR15L: 
Received 0.02 SOL from faucet 6yvwhesLJeE8fNWviosRoUtBP3VFUXE7SEhSP9fFRJ3Z: 5PDkNPQHwtn3fPtPy1Vo12rntEJ2Xqw3dqvTaK5C5G6FxxoyJdpMVkwLejs7nqa9zTE17iA9DkmPai22gJZW9v4L
Keypair mined! Pubkey: AAAS2L1mTH7P1bUCVvB1kfMgFduvUN1FUaBnyrQ7omNJ: 
Received 0.02 SOL from faucet 6yvwhesLJeE8fNWviosRoUtBP3VFUXE7SEhSP9fFRJ3Z: 3tKU1fBzBQhEKszxWagYCoMs7cE7KYqY7B3y39U9pZTeZkkzKmr59FGxeqaXZsYLT6ETsC3qF7zuaLWxKRuhTQfU
Keypair mined! Pubkey: AAA9SYM81KJ38fDPHqNwr6Sja2XLm1pK1LLq3XJJgoit: 
Received 0.02 SOL from faucet 6yvwhesLJeE8fNWviosRoUtBP3VFUXE7SEhSP9fFRJ3Z: 2bYRv8Z3NAEmqnpdKYLYdCESm92drFBXejwbtQafqAEHoSZSQ6GdtmWFtqM6oHZ7quCMHXt23YncxpUbmfW7qcWG
Keypair mined! Pubkey: AAARBGXq7mwqh2szk8oGXGJ5HFjE3awGdDxwTqLzY3dq: 
Received 0.02 SOL from faucet 6yvwhesLJeE8fNWviosRoUtBP3VFUXE7SEhSP9fFRJ3Z: HBCscEpVhAjYJ9B7EFHNoKjL476njJBCr2ihY4ZCysHec5DE5JPAu4hedDcoUw6xNxm5LKzZqCV9dr4zuzqgnGM
Keypair mined! Pubkey: AAAiub1KyrmBcVu6rNrfWiRksy8bpxjK346HhDyyfYsG: 
Received 0.02 SOL from faucet 6yvwhesLJeE8fNWviosRoUtBP3VFUXE7SEhSP9fFRJ3Z: 2CgDvsgqd7DEjHHDxMFdqK9BEsRUVsZMf27q6K6Utd3x96oqasosFa1TDqTibWcY5ybeFrWDy7zHtroAt3WE7WPT
Keypair mined! Pubkey: AAA6TVzrXB5uxnNjDJavoysLFvLBGagEZ3N9BpXY7rKP: 
Received 0.02 SOL from faucet 6yvwhesLJeE8fNWviosRoUtBP3VFUXE7SEhSP9fFRJ3Z: 4LbQ7KShs8NUBzuZqe9L39P9JWr4SjWYtCyG1auAj21FM7ickEnoyAJk5Y1M8jW9TH5GCPZXCoCYrzk1e3kdM2xs
Keypair mined! Pubkey: AAAvV3ZydyunW8n32VwXtosKPEvX6TeeLKQBSi5FTVP: 
Received 0.02 SOL from faucet 6yvwhesLJeE8fNWviosRoUtBP3VFUXE7SEhSP9fFRJ3Z: mUSz3uxswj6F3UNtsFJsAUnzGCzEaZJ15S7nYV3HMrC7Vv3A5siAddMsysjnG5iY1HQmZFh5opN8e7wwPpGHt7t
Keypair mined! Pubkey: AAAkW6y2zoD3BzougQTVqvLsz6mwacD8eaVsgvZUHsuh: 
Received 0.02 SOL from faucet 6yvwhesLJeE8fNWviosRoUtBP3VFUXE7SEhSP9fFRJ3Z: 2aJ3b8jbu5oH7CA6QoiLy6y5vnsXkAfe26GL239rgW5kZbhnGTbt97GJj9jCA2GE8w4ULXoH62H3Gv9bGvkr4qPc
Keypair mined! Pubkey: AAAoEzoNhSsZzatKttnFDBWZpbUeRCaFWEmQRHXHYrJ4: 
Received 0.02 SOL from faucet 6yvwhesLJeE8fNWviosRoUtBP3VFUXE7SEhSP9fFRJ3Z: 28FAr1KwqeEeFVJLCmz4xEzJozbMLbJY4gdNbVTrxKh8vdanKmREhSR7ECxVF9YkZhe8qovsWbbdDrQZGgV122m3
Keypair mined! Pubkey: AAA882MtFksx1caQ3L81aVSnxUfB8mdZEousModSirEg: 
Received 0.02 SOL from faucet 6yvwhesLJeE8fNWviosRoUtBP3VFUXE7SEhSP9fFRJ3Z: 5izqesjeUyA9mATryiqFrMBujmvtFbpuAhxbAvHyohZdL4UQbYWj56Btaosf71yfC81YSqzQSAjDc1Xq4VoJVYJb
Keypair mined! Pubkey: AAAH2uhpVi5qXXqyABpYCpW5KNkbYHy6BAFrgLtxVSUC: 
Received 0.02 SOL from faucet 6yvwhesLJeE8fNWviosRoUtBP3VFUXE7SEhSP9fFRJ3Z: 3ZTuCx3vvC8F8YqUW5SpnrxKdhcQikXHo8UM4miGWcfS8DcahwGZL2Dd8GqKhpu5n7kJaGCE2Y5rGXvzuHYS1TZq
Keypair mined! Pubkey: AAATvTNq82dobiQik9aUh9UY9LkvpGuJKVNx1pSpF5tu: 
Received 0.02 SOL from faucet 6yvwhesLJeE8fNWviosRoUtBP3VFUXE7SEhSP9fFRJ3Z: 4ZycifQfvGpEeyESLzk68DS2jDWijCHXMt7oTWoaQzvrgcHm4CS9w84Ympn8KLL37pxbZMhwq5EkiCxoQhSRsKzd
Keypair mined! Pubkey: AAAy2bterpdAo5fg9PATiz6NNMesPc9o7NgEyN8dsn7y: 
Received 0.02 SOL from faucet 6yvwhesLJeE8fNWviosRoUtBP3VFUXE7SEhSP9fFRJ3Z: 3LdzbYewAN2AiYDKWeWHEydca47CWC9N7bTsYrbeM65PXxzTZ3qgDLLUjar8AUBH5h16oFX8bcBBVJd9ZT3RPoJ6
Keypair mined! Pubkey: AAAeJWEvXjyJcF5WgjdmHdPn7HwDKoGnJ9ceYduimS3V: 
Received 0.02 SOL from faucet 6yvwhesLJeE8fNWviosRoUtBP3VFUXE7SEhSP9fFRJ3Z: 5KRvbS4RpfBPSPgFUbwVZXEV29kFmaZTqvSckERP8ZBFnwHeEXoHpeSzPv1eFktUUNtkae4wsWphubcf7UyVouEK
Keypair mined! Pubkey: AAAFEbBFnecNnVtDLP1xaN2ytJCLDEY9J7K8UapzrhJ9: 
Received 0.02 SOL from faucet 6yvwhesLJeE8fNWviosRoUtBP3VFUXE7SEhSP9fFRJ3Z: 7ZMfv5Az1Ct4Ve3SzNruB723dHqo4Exf3RpYRFMpgPQokeYyACBnPUi3RDmhQnZfY7oMrCeKGFx8wwZu3VoyYXz
Keypair mined! Pubkey: AAAqMrDvdZEnb4wEywkDgSpjF4fAsws8gRaveUVitvcW: 
Received 0.02 SOL from faucet 6yvwhesLJeE8fNWviosRoUtBP3VFUXE7SEhSP9fFRJ3Z: 4S9yHVRGdrKSLpp1njjC3cor8etAdYtF3sHBk2J1k3GwCVzdtK9c7XhnVFX4a9pSP6Df4yASfXXveMqu8a8rdr6j
Keypair mined! Pubkey: AAAMUgXiRc9VaqB7kivXfvX91jNYaC7FsvAgFQ4Cy9tB: 
Received 0.02 SOL from faucet 6yvwhesLJeE8fNWviosRoUtBP3VFUXE7SEhSP9fFRJ3Z: 4F4pqZR4CmwtyAcbmMqNmTQbHJXV7iDHrNnQYVVsrQGaH2JhwR7Q7auWU6csMEWjrVW216HQNC7jSGZ6g8hEHMMT
Keypair mined! Pubkey: AAARM4WRfcf7xUXa6X9pizxgzYrJF8DRCGDZ55ajp844: 
Received 0.02 SOL from faucet 6yvwhesLJeE8fNWviosRoUtBP3VFUXE7SEhSP9fFRJ3Z: 3D8D5f6xamzZtpZvo5hCHXyzk9UTLA6CpoAuSTs9F6vCHEbBbZDPANPuQ315LHDLRfzW3tf8Mzs9DVLxz2usC5iK
Keypair mined! Pubkey: AAAKhkjjgCzJ9jMQ8gSvuErMg1crxgnMSStwpDRwc84c: 
Received 0.02 SOL from faucet 6yvwhesLJeE8fNWviosRoUtBP3VFUXE7SEhSP9fFRJ3Z: 57m4bYv38ER2K4H2h5s6AzBDw41garPWHAtwdpQAwdx69hnmXXDupGaNZekgj2NCSBxrVVrp48QEaN8VLrX4y8om
Keypair mined! Pubkey: AAAqmzQSJ3SZKc1KaZWNNqJKnf7zwG9fDQ2Mke6tiwWB: 
Received 0.02 SOL from faucet 6yvwhesLJeE8fNWviosRoUtBP3VFUXE7SEhSP9fFRJ3Z: 5pPhuVHumXjvwn2bhepKBnQDCkpYLbe7Dw2yKa9fajRBkURkQQSxUBKKaCPrKEuPHxU4MXCJKnpvMxKwLXcm6BhZ
Keypair mined! Pubkey: AAA1HqrG5kLMwWeNVMunQLecHpaZQoBsetmYXhBXDdVf: 
Received 0.02 SOL from faucet 6yvwhesLJeE8fNWviosRoUtBP3VFUXE7SEhSP9fFRJ3Z: 7iNwVoXQrBtMaDoiWjyTqbFacf4ZGjq47eEMSLDAfSMmQXdE8iSMW2Fw2ZFpJmXqy7VJ1TNa4JmSTLmd2stxyT3
Keypair mined! Pubkey: AAAgGE6jRvD5x8T4q82dG44RyMfHc1DqiuqD8PiVkLon: 
Received 0.02 SOL from faucet 6yvwhesLJeE8fNWviosRoUtBP3VFUXE7SEhSP9fFRJ3Z: 4moTL8ijthakLvC8AxCbMendm5f8ri61Jnbkx8dD6cbwzjNeJVeHEM8Noeh2h9FghoeJ6EivVeGQxm4qMjPQXLEB
Keypair mined! Pubkey: AAAaUXod5FuwEgqxBFF96EVJVf4U7Ve88RvUjoELyZR2: 
Received 0.02 SOL from faucet 6yvwhesLJeE8fNWviosRoUtBP3VFUXE7SEhSP9fFRJ3Z: 38diqAJR3Xo5gLADEVunYUQscnkRLRUsqh37C2FuLBmRx8UuCv9X7cceiykuUB6oowL6vhUFCfthJ19n6F2N51oE
Keypair mined! Pubkey: AAAmUqxjjxxoyE8FguKUeFXbjEofuLRxNqe4hLnhkczK: 
Received 0.02 SOL from faucet 6yvwhesLJeE8fNWviosRoUtBP3VFUXE7SEhSP9fFRJ3Z: 3hbVaDYDhRSTc2q1c8D1AwHcRcuCq3miL9e2K4mhAp6Y5zjZ9QtQoPSpQ5kwjXC1PcvZZA3DPCxh5nqxpSc9XT7z
Keypair mined! Pubkey: AAAFfBZx5Mi8YibVsWkrTkrrSrVmGrcMg2jWJNDXb42r: 
Received 0.02 SOL from faucet 6yvwhesLJeE8fNWviosRoUtBP3VFUXE7SEhSP9fFRJ3Z: 5P1qDEV9WrwYatccpeUSzLiWyLihdYdv2J76GMjSHArpczE5KLi6BGDUu1VwnvfvDY1GUErUoaasa3AxC4JugFuJ
Keypair mined! Pubkey: AAA7Z4MhMQK2JnySnKVQYFk6CxsVTJxdgbrnaHc2yaS9: 
Received 0.02 SOL from faucet 6yvwhesLJeE8fNWviosRoUtBP3VFUXE7SEhSP9fFRJ3Z: 3j1H8PHALSuNuEbHjdwgPi1totbsnADR5hqdQ3izzmec48w4vJ7ERGxjNPBUKfFV22PSLKE5CBKdarZyxiRoPPuS
Keypair mined! Pubkey: AAAsaxsJBC44AwK693AYNWGMmjLaLZYAM9gMSv2U6pgL: 
Received 0.02 SOL from faucet 6yvwhesLJeE8fNWviosRoUtBP3VFUXE7SEhSP9fFRJ3Z: t4ECjq5qJXdWhUV5YyqJcNX937TfY385DunprEpoxvRw5M4TWpkkgPz1ik8YmYN4G7LKK3PmkuvyzB4yKhhh7JW
Keypair mined! Pubkey: AAA5JVHEfK3HVFDJuB3fmQYgWwb6PzMLMi6gaffAWpoF: 
Received 0.02 SOL from faucet 6yvwhesLJeE8fNWviosRoUtBP3VFUXE7SEhSP9fFRJ3Z: 3ot4qggKzADVyDe4BkLf4cL8kwC557atFPYHNSKxrLzBoi7CDa4tFM1czuSWJbdDBUJnZcNaAZsHmvsHmewNCM6H
Keypair mined! Pubkey: AAAbiCE1uvYKbcgzxBvsdwisiXsYpR4ZKs7x33jsyrGN: 
Received 0.02 SOL from faucet 6yvwhesLJeE8fNWviosRoUtBP3VFUXE7SEhSP9fFRJ3Z: 4y3ENZAfra2GKu1d58BUUETVx7MpBz18ziPuf3gHcCcyq4vaDVEGStNU6KtEGQukNapte1F33RJG7A48LFUY7Auu
Keypair mined! Pubkey: AAAp1eyXUxYsA6Zwdh7RTt7j7K7MN93Mzbq9S9jWYxNu: 
Received 0.02 SOL from faucet 6yvwhesLJeE8fNWviosRoUtBP3VFUXE7SEhSP9fFRJ3Z: jC8io6DbnRHnLj5ayXFZrcHyShCvMoTPPY2QjTRmHFBjWq5Yx6vbeZbsRyoMYyAFTa9E8KcyhqBEQZUiRkxFNJs
Keypair mined! Pubkey: AAAmX724sgshbACkzWa42LLo3FQnQzQaebQqmkiuXcDA: 
Received 0.02 SOL from faucet 6yvwhesLJeE8fNWviosRoUtBP3VFUXE7SEhSP9fFRJ3Z: 5Qm5Chr8abDU8NdhhmC4xhQFhky9s2j5NZe4oSw1A5uGL1ojbiJxtXhzfnUQJ6PrxF5HrBx8scX5yDeXpij7UeQA
Keypair mined! Pubkey: AAAwrCTcC1EZykHcXzn5HTenSD2gP68VFjtzmmmncqJM: 
Received 0.02 SOL from faucet 6yvwhesLJeE8fNWviosRoUtBP3VFUXE7SEhSP9fFRJ3Z: 3BUYF7Q7kZLDa8UTyMAjNwmtPenTzQD3WsNTat88vjhLcyf1XpeL9vDsLjncBVoKaBmTpfKnLaC3Fjo1q8UVDode
Keypair mined! Pubkey: AAAqSHdixgfSVDBFdM7vqfStF6niUujYbSDZ24Wcapi6: 
Received 0.02 SOL from faucet 6yvwhesLJeE8fNWviosRoUtBP3VFUXE7SEhSP9fFRJ3Z: prAxd5Rif4HvEhWPxKz37JK1cACvvbBqAmDnLRbs6aN4E3QSYq2oFNjhF4H7XxVxQYPB4kcdq8JFghekjKSUG4x
Keypair mined! Pubkey: AAAhskt9ubHcYvrqSZuftqBQUAo7X8GHmu4ipBohmk1Y: 
Received 0.02 SOL from faucet 6yvwhesLJeE8fNWviosRoUtBP3VFUXE7SEhSP9fFRJ3Z: 2HwaoKb9PdMc5h2X1VRgDC3uUmWSC3oe9umfHnhHnQDR7AqGafcSH4ZzzzTLdzbwWLxZaNtSA3T6TdhBv5an1XJC
Keypair mined! Pubkey: AAAbhxo7T5XkLpqKSGgpDLruEFY2Kz1szq2tTpb8KzqJ: 
Received 0.02 SOL from faucet 6yvwhesLJeE8fNWviosRoUtBP3VFUXE7SEhSP9fFRJ3Z: 2rzjDiUo8DkCpeX4FB5gwKjixnRnJyy3E1rVMjsnov1AX7XHuZWyaD9u5Grn5f2eevXjM4WXTDAqXm89V5fKh28t
Keypair mined! Pubkey: AAAf3YTpkqVo68z7xgrdcmgA193TqzkX5pQBNaN3b7Z2: 
Received 0.02 SOL from faucet 6yvwhesLJeE8fNWviosRoUtBP3VFUXE7SEhSP9fFRJ3Z: 52JCcSDnwmLMAdwjzn9etwromStW7UHMMUwpRoG5dMSNaxfcoJqs8PnvVwe4xZJxDLaZqioEGQzVELqEBZfQFfhy
Keypair mined! Pubkey: AAAbRiomcjLCj9agStKmKEcBFbFZDj6qCAQeMDDHQLcA: 
Received 0.02 SOL from faucet 6yvwhesLJeE8fNWviosRoUtBP3VFUXE7SEhSP9fFRJ3Z: 5didiWHGATTd61GXUg6nGttiySWGSX8BtYheDdCPizSaso4MZ7CmKnaV4gorSTxpk2qNxPEgwKHKUDRVR5jvQPu7
Keypair mined! Pubkey: AAAJnUFYrzDbKZjQkHFZjg5Yi1Mpew5Zpe6X46Kqvm7P: 
Received 0.02 SOL from faucet 6yvwhesLJeE8fNWviosRoUtBP3VFUXE7SEhSP9fFRJ3Z: 3or8jJTVmyX51jAn93h2DFQkYa8vUa991bYVt5FtYJ6PAhdGtEULWP1Q6x32UKJQdruB9W4K8tZontcJjSFNKrcQ
Keypair mined! Pubkey: AAAs63j3ikDoQghjVXvT1H7jv79brVzMUWo4UJrbLV3M: 
Received 0.02 SOL from faucet 6yvwhesLJeE8fNWviosRoUtBP3VFUXE7SEhSP9fFRJ3Z: 4cKt31rQLWBz97jjRMJy35qjeLXoMDirM3HQ5Em74qWEnCgXWkrU2Ad36dtTqpWM2QXpyedtjDzJTSAghAF8B8PJ
Keypair mined! Pubkey: AAAtvENrHh44dFVTw2KGQ29ciH91tZUAouRHANGy4MnT: 
Received 0.02 SOL from faucet 6yvwhesLJeE8fNWviosRoUtBP3VFUXE7SEhSP9fFRJ3Z: 2JyvkmQtTosBzH2R5vU6vD2JKYpN47uY6BdsZQTgmVZADAwc1krDXTzoyTHDd3rFBfaMP228rNxxfkSExbJ2UVPp
Keypair mined! Pubkey: AAA43mpaZjHR5gxnfyjckUPwE8Jdc84eNLG8Fz1WaBvj: 
Received 0.02 SOL from faucet 6yvwhesLJeE8fNWviosRoUtBP3VFUXE7SEhSP9fFRJ3Z: PAV4GHfbSSe5fm5BoxRtcKGczLZPb9uCtuJvuDWxeRGmJLWkA98GDjV4Uf1gEYsMrPdLatpUzQVk858Hw7H2Vjs
Keypair mined! Pubkey: AAA91q9aEwVrJr2zBhhpMzy8z23kCZZ8jTDtBBginktw: 
Received 0.02 SOL from faucet 6yvwhesLJeE8fNWviosRoUtBP3VFUXE7SEhSP9fFRJ3Z: 4WiRnj48eDZGCDZEkpgEvLTVtKmtnobKvk2TbstYmee33QAPtinwTtSLzbYcPoCgmLe4zFUPihCErtvGrtST5r5b
Keypair mined! Pubkey: AAAUk7rQ2CrcZuw34VnQMRBBpfskio5X4wv8kuL3o62t: 
Received 0.02 SOL from faucet 6yvwhesLJeE8fNWviosRoUtBP3VFUXE7SEhSP9fFRJ3Z: 3Hnwr8Sndw5zbYuwWXRWc75VdTtqMsdjYxtn317FeDcydLscwtsDW3tzz1c2W5YM2nvXs2c6AJTWiKa5RbKmycSj
Keypair mined! Pubkey: AAAyx5eW2YjJP1L29tKfJp4DPk6wgHXcXFsdGR5cj2wq: 
Received 0.02 SOL from faucet 6yvwhesLJeE8fNWviosRoUtBP3VFUXE7SEhSP9fFRJ3Z: 5JqWVyJzg3P9tSYBT4QqQSf8onAb8kR73cJJMZ7Kq3du9SrHw2UnPFDMPDTPrngBZo7s6kQupUFXkRTQuzUFYCag
Keypair mined! Pubkey: AAAHwoqqBB3CpQzRvJW7AdhLqKtnPm112hdS4YDDf52K: 
Received 0.02 SOL from faucet 6yvwhesLJeE8fNWviosRoUtBP3VFUXE7SEhSP9fFRJ3Z: 4MZP5EK5TQN5yLrXJ6jKrVQSYCPiTN9UqkRGkDUijUmx1AatkS4k7kg4781uUptvoFToT3s91iZiVJNFtUKe8b2Y
Keypair mined! Pubkey: AAALBDs5Fa6j9MJQTzvmNLj8jBEKndLoT4ybCqst3VnD: 
Received 0.02 SOL from faucet 6yvwhesLJeE8fNWviosRoUtBP3VFUXE7SEhSP9fFRJ3Z: 2T3fREfDBxaxmLhajnKT4arG3CJhoHYwj5f9xip26zt8B5jhKFBcdZEjoK7AyPjfkqE89YQm5tU2ctyJ7n7wEjCy
Keypair mined! Pubkey: AAA2mRddCTdaYQvVqbuq3jvu8eVw4YEF6g8AAUQeD4y5: 
Received 0.02 SOL from faucet 6yvwhesLJeE8fNWviosRoUtBP3VFUXE7SEhSP9fFRJ3Z: 54qTEoZn1HBJDhZpk42ZyzseNdWjhmMaFDt5eVy4QisUBUqjDU8S9AmgrkPtQU7FPDzCRpTJZg5UqPNxm2Mbm1Kn
Keypair mined! Pubkey: AAAojC85gZiaN1sr9zhwhdv4utqiHey24LgHukaCmPjk: 
Received 0.02 SOL from faucet 6yvwhesLJeE8fNWviosRoUtBP3VFUXE7SEhSP9fFRJ3Z: 2P6K6HoEp9xk7ePxNoaD3sLmJWLx39Snj4XCHBZRPxTPcBybgocKfiu36tQvjdcyVfbTJRY7MNQb1Xwrp9ptiVaX
Keypair mined! Pubkey: AAABbDtdSrDRdjyZVZm6qWGSAskeEDfnSc3exwuV16G3: 
Received 0.02 SOL from faucet 6yvwhesLJeE8fNWviosRoUtBP3VFUXE7SEhSP9fFRJ3Z: 2tAsWgW5skm9cy9XeoZhCDQ4d1cEsgmEvXxW7KgqkvhV5sThKZjAj2uzrT8Mw8YKpXpbcJmJ662Gwu5DKbXBdKEF
Keypair mined! Pubkey: AAAgxjqvfQLcS5tUbUZy3bYxTVrwtMWaK5ieCGrJkwVf: 
Received 0.02 SOL from faucet 6yvwhesLJeE8fNWviosRoUtBP3VFUXE7SEhSP9fFRJ3Z: JztUZSad3Jw1Sh6d2Vmsa8kcqgnKYe468LhowPjzZuzMyyw6Axja7xJQzEFPcrTnNjxnCvGfmxgg76eQ8wN4zFD
Keypair mined! Pubkey: AAA4sc5BnC37j9RdwAz5a4GHjQieDpLvtrgK3oX1ew5s: 
Received 0.02 SOL from faucet 6yvwhesLJeE8fNWviosRoUtBP3VFUXE7SEhSP9fFRJ3Z: 5HMHiifm8G6EqmNK4svnwGnD1APaRxjpuq9GMQP3aCWTfWbGJZPcxTggWnyYzQE4FUuweoCL9xgtyfEjrYzpDKSi
Keypair mined! Pubkey: AAAb1176A1LLWW3RsQPwXyMnfRo25ju4ZuNEfSNXHxp3: 
Received 0.02 SOL from faucet 6yvwhesLJeE8fNWviosRoUtBP3VFUXE7SEhSP9fFRJ3Z: 3JQLFxXzaFtNskfjP7rYzRnr5vvks7s6sL29HBntf7JPioqgYpJXuDZzA9LsRCoY9EwbXBq7JUVUW48xFs1ui3ok
Keypair mined! Pubkey: AAAq6tdbwHQYoRyUcfxddr4ZdVjF5hEEWfatmELaZ3f3: 
Received 0.02 SOL from faucet 6yvwhesLJeE8fNWviosRoUtBP3VFUXE7SEhSP9fFRJ3Z: 2xnDXDgMdpSz949XrooRW5vgHDTtYNBXvh8zyGc78Sm9EPurPwfGFC4BhFgv2PysQpsCnKPBqfLTxCLUsfUpHaob
Keypair mined! Pubkey: AAATqfp5jHPgyKcN93wk55zats3zGabo8jyxGuAiDj6D: 
Received 0.02 SOL from faucet 6yvwhesLJeE8fNWviosRoUtBP3VFUXE7SEhSP9fFRJ3Z: 3zk6VPoEfzDjCvqCZK9JMMjNXH1owHwPqopLj9Fmz4ZYu6mFQXD9Q9ceGBq8VgPreVpovu4qkj7watTie9Am46zM
Keypair mined! Pubkey: AAAQiEdNr761E3kJ8RKNm7Ef2ZZ469iHLEsxmUpo3YUD: 
Received 0.02 SOL from faucet 6yvwhesLJeE8fNWviosRoUtBP3VFUXE7SEhSP9fFRJ3Z: 5NDRpA6mgfrF9QJVUoV4qGzAFsa8kfEgRyaPdNGTcCkvqZtwyWQWbibdF79UWrDZkMRUm39wmvaS56toYgoPofU4
Keypair mined! Pubkey: AAAXGWzMnwnJmTu3Kka6VW7z74SuJfYcF3ta8K8CPLpN: 
Received 0.02 SOL from faucet 6yvwhesLJeE8fNWviosRoUtBP3VFUXE7SEhSP9fFRJ3Z: 4bieYCntGFXXtRWYNrgtSmFyGQn1cys1xgqyGQrJvLDc6dHfnAp23mdM11H7qYHs16Py3UCDidrZ5PPdKVDw7SpF
Keypair mined! Pubkey: AAA1sr5bPdbdbzAik9cLRj3QA4tRSRotDwwd9h3Ygo6n: 
Received 0.02 SOL from faucet 6yvwhesLJeE8fNWviosRoUtBP3VFUXE7SEhSP9fFRJ3Z: 3PLL9aPrX5wxXLGfGuVDmqx82Vzd21i8uTAGex8UxSSpHY6LyWdWVusgvEHPPbtTxV4e6uVo1Fn1pV9DqVMdG4it
Keypair mined! Pubkey: AAAwvnx7hvYeRyQMCnXWRDB9MgBYjuvSMdmZHwGRsTgi: 
Received 0.02 SOL from faucet 6yvwhesLJeE8fNWviosRoUtBP3VFUXE7SEhSP9fFRJ3Z: 5u9mP79mUyf9NQV3nb38cCWNy2ibRRx4VZgYA7Y2hs4ruDZiUnHCq5uNuuaUsHRcW6yYpx9t4N5KwXbLAAV8bEF3
Keypair mined! Pubkey: AAALKeygsbJUr2Rdh7EC2BbBJQz2jXq6KyCAykLoA5Fa: 
Received 0.02 SOL from faucet 6yvwhesLJeE8fNWviosRoUtBP3VFUXE7SEhSP9fFRJ3Z: 2jsNboGFHH2u92V8NvwX2pAMR2eSj4xfVeroCJGH2ZtnP6z9nCNi24vb1WfqNKMzKVtqQC3owzGr2h3QPFt28p9L
Keypair mined! Pubkey: AAAsEMBLmUR9QcVd3dVXoYYov6VRAT5weR3s2BLDdQxP: 
Received 0.02 SOL from faucet 6yvwhesLJeE8fNWviosRoUtBP3VFUXE7SEhSP9fFRJ3Z: 2cpLckQz87PcHGXEa3kytNGCrE62C6tvduJvi8VvBydFUj7naiaDSWi84So1ShpowTCqNuaPM3dCNPQrU745kj6j
Keypair mined! Pubkey: AAAtj5Qym13zjJL8J7fhjsvExyDXixeXtduQQxWbFEPw: 
Received 0.02 SOL from faucet 6yvwhesLJeE8fNWviosRoUtBP3VFUXE7SEhSP9fFRJ3Z: 2nak1FoTEWCXAFEgSw18hgCfBrvj3oJ88Rvr46CwMHnufy1AjDPVDtiBgvVQ2mrA5Wa4NqTn5n5q5ifoscUp1xHN
Keypair mined! Pubkey: AAAfAuxMfXShBWZaxZoeSFb88HBgMt7S8YsrCuA1cXWr: 
Received 0.02 SOL from faucet 6yvwhesLJeE8fNWviosRoUtBP3VFUXE7SEhSP9fFRJ3Z: 335MF8e6ZJyrPhQXbYEifjcPpp1mMusP7Tej3ebLwN56CXrAuktABDt7WxxR6hCAtEGvHdsaxVqfd1Vd18PCTWWY
Keypair mined! Pubkey: AAAmjZNod6xaT8BGEMHdy5GBT8XhNenFqSJLCp74gCBZ: 
Received 0.02 SOL from faucet 6yvwhesLJeE8fNWviosRoUtBP3VFUXE7SEhSP9fFRJ3Z: 3pkNt3GVCjeNAfmGY7RekPG5ejZGtk5DizJdJQo4LCRnhoRsAW6MWcuRmASh7tzywLW4Gw8xCRZmDuxy1zu5xqfM
Keypair mined! Pubkey: AAAxGfNnX6987bKRfbyUPQZCCpaAUDYTRr8a486KqfMR: 
Received 0.02 SOL from faucet 6yvwhesLJeE8fNWviosRoUtBP3VFUXE7SEhSP9fFRJ3Z: 3FV4WcSvKP2kmLZGyffgH81tRpWFxcFJ7LusLqmnQDVEFLHEeZtscWrytsVCVTyFVCVtpCAgdmF8Dx5dMynJpmda
Keypair mined! Pubkey: AAAJ25VJKfs4d1jfmeSNDx1nyydp7jxXwxvNJuBzGCZd: 
Received 0.02 SOL from faucet 6yvwhesLJeE8fNWviosRoUtBP3VFUXE7SEhSP9fFRJ3Z: 2PhzGjmPRCsgUSrm4ovQeotyy5SkywMVZNqKR9V7GeG6627xifL85p5VSJnLVWAfHBCFXsZS9Wbw1fsqXeGaVZa
Keypair mined! Pubkey: AAAUjo4MF4DtTZdgRszqVb4aN4katPkTYJRPRntGqysy: 
Received 0.02 SOL from faucet 6yvwhesLJeE8fNWviosRoUtBP3VFUXE7SEhSP9fFRJ3Z: 4kTJL2BBwM2bicA6Y4eEgF7v7XMDjQyapvq6JwUSY41jSJB6npqABS6XMcY2nH4dDpkQs8RLZDN7wYuHTi2ybtU7
Keypair mined! Pubkey: AAA6u2Bzp3QEVLHSSuUbZSs1zqyuB4W4TXHinvAbmH5H: 
Received 0.02 SOL from faucet 6yvwhesLJeE8fNWviosRoUtBP3VFUXE7SEhSP9fFRJ3Z: 5v4qPfWcG4MWZFgs3x5Gp4xwptRgDcVdjkiSSo74PjBBvRPiDf25Nmov5p5RGHRUdDSSLAaytKMhkpSamsAySF3E
Keypair mined! Pubkey: AAAky8KKcbtEd5h4LfFtL1brmy3BQH8GnCdvuyL8xeTp: 
Received 0.02 SOL from faucet 6yvwhesLJeE8fNWviosRoUtBP3VFUXE7SEhSP9fFRJ3Z: 5FYV9Gc5cbhFzw2kxgEfcpcYHdCjrJHvAse44mN2HAEpy8SAkS5oL8hpUqSYggmYPEiwhG3JYaSRnwNM2cU4j2mE
Keypair mined! Pubkey: AAAj4fFsMBhHQUGib8G1RtqWy1FAXctNknjgSFk48ued: 
Received 0.02 SOL from faucet 6yvwhesLJeE8fNWviosRoUtBP3VFUXE7SEhSP9fFRJ3Z: 2Yjdqv29Az6WrP8A4uY2PX93hLdwZRPdnPcJTHM8BBMuUarwkqxnwzHRohstPHRkcapTKb4WipQww7VGzf4bCfXd
Keypair mined! Pubkey: AAAwbxK2q7uBZZVDNAEPvqHkkVmPmdjC9rs6HU81z2a: 
Received 0.02 SOL from faucet 6yvwhesLJeE8fNWviosRoUtBP3VFUXE7SEhSP9fFRJ3Z: 3vGtFr3dzp2efStuPpVDYYco36fEjKQZPM4oYRvRcLUBttnZgHnDdbe9voYWvKCC7wedEmarZWk1sMd4zENCFTxk
Keypair mined! Pubkey: AAAnFG7UX1PGyruZJtvq9s4ZmqHMNXgJc31j1h6buUE1: 
Received 0.02 SOL from faucet 6yvwhesLJeE8fNWviosRoUtBP3VFUXE7SEhSP9fFRJ3Z: 3rs7R1y1PgCR4zBmXdyJki9722qj38My6QEYUks9GYjhyD8ZDUHyBPc6QdQQrrRKFpEzfNnhSRePDRU6K2dS7Qeh
Keypair mined! Pubkey: AAAnQveyHYUwoqhewbmDLt4beqTdSP6xGgscJ9esX27v: 
Received 0.02 SOL from faucet 6yvwhesLJeE8fNWviosRoUtBP3VFUXE7SEhSP9fFRJ3Z: 4j9LVz4tGjgPL9WshmSGxUV7izf5DY9fL6qXsyquneQrnibNZVX2R1FuHpx9VvGUM7ejKG6LELpvRcRfbfyHBLS
Keypair mined! Pubkey: AAAjJnCAF7AB8tDarwkhAXqRLPD9DXtpY5T7oSMPZZqv: 
Received 0.02 SOL from faucet 6yvwhesLJeE8fNWviosRoUtBP3VFUXE7SEhSP9fFRJ3Z: 5G4FKF6P3isRnw9W3rjxZCAtS7ypjTJpxuaUqeTfe4TVFY228dEMnrg2sEQq1FWEZ4x46ChqbmZMAviNJv1tyKHm
Keypair mined! Pubkey: AAAoGmiuPSHi6DiRGfwumQnYcD91Mkk4MGVWmgL774kR: 
Received 0.02 SOL from faucet 6yvwhesLJeE8fNWviosRoUtBP3VFUXE7SEhSP9fFRJ3Z: 55v1d3AW7RTGrJQnGxqEsfi3rXqsjGnFghDamFUyFyL1ruJ6NHwucFUuuFwCdSwetDwDpk4gLYYRzxueku2w4eyh
Keypair mined! Pubkey: AAAFSjv5o7hfEYmfRtrJGqydQDTXTzLxeuoLwCsspBqb: 
Received 0.02 SOL from faucet 6yvwhesLJeE8fNWviosRoUtBP3VFUXE7SEhSP9fFRJ3Z: 3gFMfDnbP1gC5taPe3i2EjrX7AYkWSFFNY6LGVFLmWFtRgFqkRAu7ieiB3KQXgYaxaDq5uFSSTzCAWMvmbCXyCGK
Keypair mined! Pubkey: AAAPXWN2f9KfrGN8zpGbtYyK3afHX9RB9UyV1p9Nm1Gw: 
Received 0.02 SOL from faucet 6yvwhesLJeE8fNWviosRoUtBP3VFUXE7SEhSP9fFRJ3Z: czHV6st9szWP8rZw8jBykSRJTfDb3iUBepZzYHaVcJxq87Gi6gJBCDEhuxRfro4Uk24NKTctiuGQqqix7pzw74U
Keypair mined! Pubkey: AAAE22j1HxRPEbqxNeFSH6XoHUhoYNEw8QeawRekVouZ: 
Received 0.02 SOL from faucet 6yvwhesLJeE8fNWviosRoUtBP3VFUXE7SEhSP9fFRJ3Z: 49NC7VSnwDwJpVfEf3WnNKkX3bPuGr8jQNqeRuV21SJYtbdmxAtsYZ1kZQ8McHSVCWY1Zee7WdJ7wWWB6kuqeCgd
Keypair mined! Pubkey: AAAjNRBvpxMH4G3qoLcNXptEG7k1KUC8M8JHL9N6gxTg: 
Received 0.02 SOL from faucet 6yvwhesLJeE8fNWviosRoUtBP3VFUXE7SEhSP9fFRJ3Z: 3ETCzLp9KR83N7csDFPHW5zTwxcwhiQsxmhgYTdn4TKZd4p1YiUFbjMJvKQHzmRw56n92VypqQf83VQytj38ixQ3
Keypair mined! Pubkey: AAAnbu4eKDYTtsSR8MnBokPzx8z7XaH5eseTPpPFk6B4: 
Received 0.02 SOL from faucet 6yvwhesLJeE8fNWviosRoUtBP3VFUXE7SEhSP9fFRJ3Z: 3DNMEYxF9a8mYkr1BzmLpfh4Ad8oMD22tABzEu3DbyABzudkRHnB9MErGHBGEHmUAjBRy9dnbRdfwn5GkycRrcxW
Keypair mined! Pubkey: AAAJgeFq5WbUctsJvKn9cJQLVnCaQeKnYCa5XX6vJhDM: 
Received 0.02 SOL from faucet 6yvwhesLJeE8fNWviosRoUtBP3VFUXE7SEhSP9fFRJ3Z: E23EyXHcoNXxYqhmcWdr2SWFQ8GXM7gz1Kp83Noo2cyR7hz7XU3rAA5j9DiauR5KYt8tmfm6uk5NYB3DQPM9ZoR
Keypair mined! Pubkey: AAAJcAZBamAbJE9dzMHLTJhd2FMDvFeWXxT52yeDGQVp: 
Received 0.02 SOL from faucet 6yvwhesLJeE8fNWviosRoUtBP3VFUXE7SEhSP9fFRJ3Z: 5FfWPHmAUimUGYe9URr62FpBR9GJpSVcWif4Y71SZ38Y21m6fbcZCb9x5yBVK84y6qVv88FXhSyXmoL9R9uE1eoS
Keypair mined! Pubkey: AAAE9gyULV2ScSeTPniiMjJvEPErEuJNKfKRzD8GrQwo: 
Received 0.02 SOL from faucet 6yvwhesLJeE8fNWviosRoUtBP3VFUXE7SEhSP9fFRJ3Z: 5CsU1PpgPQRZtErnj2vsvBYfuwuSBycAyrcWe2NviuueYvNzyRFk3y48i3yTZZ5c5K2Mcnceh3wguYFn636DqYBB
Keypair mined! Pubkey: AAAXs11BZhEss92BygetqQFrXWuopEw8u4YDVLFk8M4a: 
Received 0.02 SOL from faucet 6yvwhesLJeE8fNWviosRoUtBP3VFUXE7SEhSP9fFRJ3Z: 2qpchKhUypdRQV7A8nZL4iMiaUXcCZtN6iME6KScqxR93XBC437Q1wiUDuj2pAyBwk4hqkbBdPT8R7iLEvf5X8Rd
Keypair mined! Pubkey: AAAtFvhs9fidjsNwfTvZZ8HQL7iz3mB8n8cuHd59AxTb: 
Received 0.02 SOL from faucet 6yvwhesLJeE8fNWviosRoUtBP3VFUXE7SEhSP9fFRJ3Z: NEXNbBm4fyBd7xWtPVsmCsLNWyZ4vzhRfKhGKTsQizoBg4JFnQYgMnA5i1uApjkcCkT2kEokme5tHPa5Spbdvd9
Keypair mined! Pubkey: AAAHaxwxxCnyC3wTSfyEogU2iJouqkeZgPWezKKpu68M: 
Received 0.02 SOL from faucet 6yvwhesLJeE8fNWviosRoUtBP3VFUXE7SEhSP9fFRJ3Z: 2ysvV2ppbwUcoXFFUd1VDQCwJtuSNzzR59EiM37g89YUmmr8D5fXMWK6APdkBYfhsqoytGTaRbh9a6W7cqyWDoni
Keypair mined! Pubkey: AAAZJDWskcibrRsxZzmArxMyDmvVVTLsSmD9hxvFyCRF: 
Received 0.02 SOL from faucet 6yvwhesLJeE8fNWviosRoUtBP3VFUXE7SEhSP9fFRJ3Z: zavpzepBUaQAzVQdM7bUV3ZoUyn9zWZJ8Qx43nUyHroZZ82j7wgT23ZsZdJtivixStuzpU4qPJgkvcJewk5EcTF
Keypair mined! Pubkey: AAAG8HuWJT4D6ZtXTsPGka1afCCjVH4AX86RzpsqJcPA: 
Received 0.02 SOL from faucet 6yvwhesLJeE8fNWviosRoUtBP3VFUXE7SEhSP9fFRJ3Z: 2qx3mJhcAJkyErMqonZ18wZfLsPg12PRDwmBHpVELjv9WRSK3EbgbRA4Psp381TLXRdZwuTF7BK95TtCm9bzteY7
Keypair mined! Pubkey: AAAMZy9UsxTsv1wkie9xRKPZXLdcTG4ZykMQTwVDhrLo: 
Received 0.02 SOL from faucet 6yvwhesLJeE8fNWviosRoUtBP3VFUXE7SEhSP9fFRJ3Z: 5Y1ptmX7jEdyE4r7NMMUiqyjw7NpKTxPwp43S873zrF4rqddJvt3AE74ADuSWAqs2YSBmxyWUj9iMGy55YNmE7CJ
Keypair mined! Pubkey: AAAbJhYjYHEaRtuiQJM92m2JPUCo4kz1zrRiryj8zgMA: 
Received 0.02 SOL from faucet 6yvwhesLJeE8fNWviosRoUtBP3VFUXE7SEhSP9fFRJ3Z: 5BiMp9MM8xtGU3szjRbuDqsjJwpHfz1FtPVpJiznDgAF5KVXcKkSDSgZWKmjyLLW2W4Rqo6bimnkJqLCRv9XjfqR
Keypair mined! Pubkey: AAA2dLyWsUS7wGerjqxDQHUWnHr63igSdRPRs7yryRrZ: 
Received 0.02 SOL from faucet 6yvwhesLJeE8fNWviosRoUtBP3VFUXE7SEhSP9fFRJ3Z: 4wbQG4RG2ViCFjowox5VQc8ECm7Cf1q5UQbRZtc761yrdMsAV3UJPEeK5nE23b5k2YjXEV4tsAW3KNPFRuGZU361
Keypair mined! Pubkey: AAAwvEb2SiBu5upd8DmXQHRez8hUwudE5JJYyxVYnSGW: 
Received 0.02 SOL from faucet 6yvwhesLJeE8fNWviosRoUtBP3VFUXE7SEhSP9fFRJ3Z: 2MFqUWC4jCQHX8ddVfTYvSEhpt3zKJhLxEabAXD1KZzU9TPeSJuh9xuPFyExZFroHp64LXM5FH8FbSAvVtMDsxo9
Keypair mined! Pubkey: AAAYsyhAU13CCwpCM4SgeRPZ8117q1fTtg7xbQLxdHHi: 
Received 0.02 SOL from faucet 6yvwhesLJeE8fNWviosRoUtBP3VFUXE7SEhSP9fFRJ3Z: iWHk4tw1noZxuz3vYMrfVehp4eAVKsZr4gPYkHk9zmaAb2GMDKBFwu6UgEPFEP7nJuh9kJiQHkETdRYkpPa3Cr9
Keypair mined! Pubkey: AAAe6BiX9ZXaXwYeQn6Lskd2tA3ZLqnM4VXh2aCe1kNo: 
Received 0.02 SOL from faucet 6yvwhesLJeE8fNWviosRoUtBP3VFUXE7SEhSP9fFRJ3Z: 5fc3Da6Y12Qrdt1EufuHikseDmEyRzPQEYveL1ehLJLGc9zGxTeHpfUhj37wUYD7fXC51Qc1GfPrFZqpBTnFwDVA
Keypair mined! Pubkey: AAAJVpKkvg5MDJPYsKzusWg2ojSYLFaRLZKxK1gxZQrd: 
Received 0.02 SOL from faucet 6yvwhesLJeE8fNWviosRoUtBP3VFUXE7SEhSP9fFRJ3Z: 3N8xpdMCativCJXfFL4e49TfyK9miNKs1vHTTJ6Bj591hGgvG5qxrS9rAEwTUR2XoCr51qCmXweyjq9j4KJkcj6u
Keypair mined! Pubkey: AAAcpCgMXLtn8FnqyfssrKWNe1uCmsLARcuRR7qRy1VM: 
Received 0.02 SOL from faucet 6yvwhesLJeE8fNWviosRoUtBP3VFUXE7SEhSP9fFRJ3Z: 2BBaVNwJTNYT6qPgdiEkSWXkXqLGroNoaAAXuP9xQPEQEuMv54aRCjfs9rCRRg3wp5Vhp8cNuVNG71naPedmhxGm
Keypair mined! Pubkey: AAAinAs1SVmQiK9Nfv2yPaK8HXny1TfYsBEjusnZ1U19: 
Received 0.02 SOL from faucet 6yvwhesLJeE8fNWviosRoUtBP3VFUXE7SEhSP9fFRJ3Z: 5r4DtnD1QeqivNvrxec1zFzdbnZZtJcijtCGUGAdNsSVuA6jmbtxkMAwf4jnAdGF65Y8hJLCEh9ENLnDcmrF5YvA
Keypair mined! Pubkey: AAA4jQGLi3zxfqMictbNtaAM9FWkf7SKFyfuQyN7mDbd: 
Received 0.02 SOL from faucet 6yvwhesLJeE8fNWviosRoUtBP3VFUXE7SEhSP9fFRJ3Z: 3vguAiJToZfXxgkgCAWTKzfhwu4dQWLkPnEZ8krYRuima7VU1Mk72sJzvWihc5BxxSH57ivQ828SsfNLrahtCqW7
Keypair mined! Pubkey: AAAaanWL3aY1NHj7GbpuP7kepk2hCnvBasJeDmu3M4tx: 
Received 0.02 SOL from faucet 6yvwhesLJeE8fNWviosRoUtBP3VFUXE7SEhSP9fFRJ3Z: KVdM5jhhNQJug2JWftK1smPmzwSYjAqqeCZGPrR9EHmEABHguR1KHpXA9ZXKxwz1em1YnJs6jALoXutHWfcEPCy
Keypair mined! Pubkey: AAAepjEVoTCWYcmgqrMLVqREm6pNxeQ5w2MnivHerMir: 
Received 0.02 SOL from faucet 6yvwhesLJeE8fNWviosRoUtBP3VFUXE7SEhSP9fFRJ3Z: 4zUN3xef5ELN6CvphXcf95ojQdXDzUv7a6Du79XeUxTWb6e3qdJz9KjdiXiTfjFZBFJ3Aubb1j6GeSaagEQWSpMG
Keypair mined! Pubkey: AAACPTF4iQEgnNDNLWJGegcK1EoNoBJZ3KkR6du39Dqb: 
Received 0.02 SOL from faucet 6yvwhesLJeE8fNWviosRoUtBP3VFUXE7SEhSP9fFRJ3Z: 4EhMuUFz2tnfQzjLwN1Mp4mghJPRQWRVgjpKzmUCCyPxiDtRgU6AqvbxMochAiTUkpVWG4X2YuLE5FUwg7FUU2hh
Keypair mined! Pubkey: AAA3cJtcfo1gTk5dEfh4B7HAsafodag1gtyoehySBsLU: 
Received 0.02 SOL from faucet 6yvwhesLJeE8fNWviosRoUtBP3VFUXE7SEhSP9fFRJ3Z: sWhFpMteREniVVasJYq4bpHk6j7fCh8yh2MeNGkEtiacdHudNqEyH8c3TRgurnT8cvVRSM2YhnJ7erK1dsQVUUK
Keypair mined! Pubkey: AAAWpEdA37HSKNHzdyLT61oeDBAPSugcH3y7U2CXx4aE: 
Received 0.02 SOL from faucet 6yvwhesLJeE8fNWviosRoUtBP3VFUXE7SEhSP9fFRJ3Z: 469n1wyD7Kg5o3TRgo2cTDeq7krpVJLaDoxbWciybEAPjBa25fmD8G6GyCqCRt6yZoTRV7RCNVF3bsXVWuRUuH7c
Keypair mined! Pubkey: AAAYgozwZpSCbe4m9d5yjheRRrpbZaakpDJN7hjTd83Q: 
